#
# A fatal error has been detected by the Java Runtime Environment:
#
#  EXCEPTION_ACCESS_VIOLATION (0xc0000005) at pc=0x6501ae76, pid=216, tid=1396
#
# JRE version: Java(TM) SE Runtime Environment (7.0_45-b18) (build 1.7.0_45-b18)
# Java VM: Java HotSpot(TM) Client VM (24.45-b08 mixed mode, sharing windows-x86 )
# Problematic frame:
# C  [QtGui4.dll+0x1ae76]
#
# Failed to write core dump. Minidumps are not enabled by default on client versions of Windows
#
# If you would like to submit a bug report, please visit:
#   http://bugreport.sun.com/bugreport/crash.jsp
# The crash happened outside the Java Virtual Machine in native code.
# See problematic frame for where to report the bug.
#

---------------  T H R E A D  ---------------

Current thread (0x006f4400):  JavaThread "main" [_thread_in_native, id=1396, stack(0x00670000,0x006c0000)]

siginfo: ExceptionCode=0xc0000005, reading address 0x00000004

Registers:
EAX=0x00000000, EBX=0x33773ff0, ECX=0x006f4530, EDX=0x00000000
ESP=0x006bf988, EBP=0x006bf9b8, ESI=0x33773ff0, EDI=0x006f4400
EIP=0x6501ae76, EFLAGS=0x00010287

Top of Stack: (sp=0x006bf988)
0x006bf988:   03e4eb56 01b7a9cd 006f4530 006bf9c0
0x006bf998:   006bf998 33773ff0 006bf9c4 33777e60
0x006bf9a8:   00000000 33773ff0 00000000 006bf9c8
0x006bf9b8:   006bf9e8 01b7339a 23917850 01b788d6
0x006bf9c8:   006bf9c8 337762d8 006bf9f0 33777e60
0x006bf9d8:   00000000 337762f0 006bf9c8 006bf9f4
0x006bf9e8:   006bfa18 01b7339a 00000000 238179c8
0x006bf9f8:   006bf9f8 33721b43 006bfa40 33724130 

Instructions: (pc=0x6501ae76)
0x6501ae56:   db 75 94 85 c0 75 90 5b 83 c4 08 c3 cc cc cc cc
0x6501ae66:   cc cc cc cc cc cc cc cc cc cc ff 15 08 24 54 65
0x6501ae76:   8b 40 04 8d 88 80 00 00 00 ff 15 64 24 54 65 84
0x6501ae86:   c0 74 03 33 c0 c3 56 ff 15 08 24 54 65 8b 70 04 


Register to memory mapping:

EAX=0x00000000 is an unknown value
EBX=0x33773ff0 is an oop
{method} 
 - klass: {other class}
ECX=0x006f4530 is an unknown value
EDX=0x00000000 is an unknown value
ESP=0x006bf988 is pointing into the stack for thread: 0x006f4400
EBP=0x006bf9b8 is pointing into the stack for thread: 0x006f4400
ESI=0x33773ff0 is an oop
{method} 
 - klass: {other class}
EDI=0x006f4400 is a thread


Stack: [0x00670000,0x006c0000],  sp=0x006bf988,  free space=318k
Native frames: (J=compiled Java code, j=interpreted, Vv=VM code, C=native code)
C  [QtGui4.dll+0x1ae76]
j  com.trolltech.qt.gui.QApplication.overrideCursor()Lcom/trolltech/qt/gui/QCursor;+0
j  core.Battle.<init>(Lcore/Player;Lcore/Player;Lcore/Hero;Lcore/Hero;Lcore/Terrain;Lcore/Castle;)V+83
j  gui.WindowBattle.main([Ljava/lang/String;)V+194
v  ~StubRoutines::call_stub
V  [jvm.dll+0x13f1fa]
V  [jvm.dll+0x202aee]
V  [jvm.dll+0x13f27d]
V  [jvm.dll+0xc9945]
V  [jvm.dll+0xd45e7]
C  [javaw.exe+0x2070]
C  [javaw.exe+0xa5b1]
C  [javaw.exe+0xa63b]
C  [kernel32.dll+0x51174]
C  [ntdll.dll+0x5b3f5]
C  [ntdll.dll+0x5b3c8]

Java frames: (J=compiled Java code, j=interpreted, Vv=VM code)
j  com.trolltech.qt.gui.QApplication.overrideCursor_private()Lcom/trolltech/qt/QNativePointer;+0
j  com.trolltech.qt.gui.QApplication.overrideCursor()Lcom/trolltech/qt/gui/QCursor;+0
j  core.Battle.<init>(Lcore/Player;Lcore/Player;Lcore/Hero;Lcore/Hero;Lcore/Terrain;Lcore/Castle;)V+83
j  gui.WindowBattle.main([Ljava/lang/String;)V+194
v  ~StubRoutines::call_stub

---------------  P R O C E S S  ---------------

Java Threads: ( => current thread )
  0x00db8800 JavaThread "Thread-0" daemon [_thread_blocked, id=1528, stack(0x03bc0000,0x03c10000)]
  0x00795800 JavaThread "Service Thread" daemon [_thread_blocked, id=932, stack(0x00b60000,0x00bb0000)]
  0x00786000 JavaThread "C1 CompilerThread0" daemon [_thread_blocked, id=1576, stack(0x00ae0000,0x00b30000)]
  0x00784c00 JavaThread "Attach Listener" daemon [_thread_blocked, id=1820, stack(0x008d0000,0x00920000)]
  0x00781800 JavaThread "Signal Dispatcher" daemon [_thread_blocked, id=1052, stack(0x00a70000,0x00ac0000)]
  0x0071bc00 JavaThread "Finalizer" daemon [_thread_blocked, id=1660, stack(0x00a20000,0x00a70000)]
  0x00716800 JavaThread "Reference Handler" daemon [_thread_blocked, id=1964, stack(0x007f0000,0x00840000)]
=>0x006f4400 JavaThread "main" [_thread_in_native, id=1396, stack(0x00670000,0x006c0000)]

Other Threads:
  0x00715000 VMThread [stack: 0x00950000,0x009a0000] [id=944]
  0x0079e800 WatcherThread [stack: 0x00cf0000,0x00d40000] [id=488]

VM state:not at safepoint (normal execution)

VM Mutex/Monitor currently owned by a thread: None

Heap
 def new generation   total 4928K, used 3344K [0x235f0000, 0x23b40000, 0x28b40000)
  eden space 4416K,  75% used [0x235f0000, 0x23934288, 0x23a40000)
  from space 512K,   0% used [0x23a40000, 0x23a40000, 0x23ac0000)
  to   space 512K,   0% used [0x23ac0000, 0x23ac0000, 0x23b40000)
 tenured generation   total 10944K, used 0K [0x28b40000, 0x295f0000, 0x335f0000)
   the space 10944K,   0% used [0x28b40000, 0x28b40000, 0x28b40200, 0x295f0000)
 compacting perm gen  total 12288K, used 1569K [0x335f0000, 0x341f0000, 0x375f0000)
   the space 12288K,  12% used [0x335f0000, 0x337784f0, 0x33778600, 0x341f0000)
    ro space 10240K,  41% used [0x375f0000, 0x37a21a78, 0x37a21c00, 0x37ff0000)
    rw space 12288K,  52% used [0x37ff0000, 0x386362c0, 0x38636400, 0x38bf0000)

Card table byte_map: [0x00590000,0x00640000] byte_map_base: 0x00475080

Polling page: 0x00150000

Code Cache  [0x01b70000, 0x01c20000, 0x03b70000)
 total_blobs=195 nmethods=55 adapters=77 free_code_cache=32073Kb largest_free_block=32843008

Compilation events (10 events):
Event: 1.669 Thread 0x00786000   51             java.util.Arrays::copyOf (19 bytes)
Event: 1.669 Thread 0x00786000 nmethod 51 0x01c1c888 code [0x01c1c990, 0x01c1cafc]
Event: 1.709 Thread 0x00786000   52   !         sun.reflect.generics.parser.SignatureParser::current (40 bytes)
Event: 1.709 Thread 0x00786000 nmethod 52 0x01c1cbc8 code [0x01c1ccc0, 0x01c1cda0]
Event: 1.767 Thread 0x00786000   53             java.util.ArrayList::get (11 bytes)
Event: 1.767 Thread 0x00786000 nmethod 53 0x01c1ce88 code [0x01c1cfa0, 0x01c1d0d4]
Event: 1.768 Thread 0x00786000   54             java.util.ArrayList::rangeCheck (22 bytes)
Event: 1.768 Thread 0x00786000 nmethod 54 0x01c1d248 code [0x01c1d390, 0x01c1d62c]
Event: 1.768 Thread 0x00786000   55             java.util.ArrayList::elementData (7 bytes)
Event: 1.769 Thread 0x00786000 nmethod 55 0x01c1d8c8 code [0x01c1d9c0, 0x01c1da60]

GC Heap History (0 events):
No events

Deoptimization events (0 events):
No events

Internal exceptions (10 events):
Event: 1.769 Thread 0x006f4400 Threw 0x238f0228 at C:\re\jdk7u45\229\hotspot\src\share\vm\prims\jvm.cpp:1244
Event: 1.771 Thread 0x006f4400 Threw 0x238f3cc0 at C:\re\jdk7u45\229\hotspot\src\share\vm\prims\jvm.cpp:1244
Event: 1.773 Thread 0x006f4400 Threw 0x238f70a8 at C:\re\jdk7u45\229\hotspot\src\share\vm\prims\jvm.cpp:1244
Event: 1.774 Thread 0x006f4400 Threw 0x238fab80 at C:\re\jdk7u45\229\hotspot\src\share\vm\prims\jvm.cpp:1244
Event: 1.776 Thread 0x006f4400 Threw 0x238fcfa0 at C:\re\jdk7u45\229\hotspot\src\share\vm\prims\jvm.cpp:1244
Event: 1.778 Thread 0x006f4400 Threw 0x23902cc0 at C:\re\jdk7u45\229\hotspot\src\share\vm\prims\jvm.cpp:1244
Event: 1.781 Thread 0x006f4400 Threw 0x2390c2a0 at C:\re\jdk7u45\229\hotspot\src\share\vm\prims\jvm.cpp:1244
Event: 1.784 Thread 0x006f4400 Threw 0x23917ca0 at C:\re\jdk7u45\229\hotspot\src\share\vm\prims\jvm.cpp:1244
Event: 1.785 Thread 0x006f4400 Threw 0x2391a820 at C:\re\jdk7u45\229\hotspot\src\share\vm\prims\jvm.cpp:1244
Event: 1.786 Thread 0x006f4400 Threw 0x2391cc80 at C:\re\jdk7u45\229\hotspot\src\share\vm\prims\jvm.cpp:1244

Events (10 events):
Event: 1.778 loading class 0x007e9358
Event: 1.778 loading class 0x007e9358 done
Event: 1.781 loading class 0x007144d8
Event: 1.781 loading class 0x007144d8 done
Event: 1.784 loading class 0x00e2f7a8
Event: 1.784 loading class 0x00e2f7a8 done
Event: 1.785 loading class 0x00e18b48
Event: 1.785 loading class 0x00e18b48 done
Event: 1.786 loading class 0x00e18b08
Event: 1.786 loading class 0x00e18b08 done


Dynamic libraries:
0x00f40000 - 0x00f6f000 	C:\Program Files\Java\jre7\bin\javaw.exe
0x77170000 - 0x772ac000 	C:\Windows\SYSTEM32\ntdll.dll
0x76e40000 - 0x76f14000 	C:\Windows\system32\kernel32.dll
0x75560000 - 0x755aa000 	C:\Windows\system32\KERNELBASE.dll
0x76d30000 - 0x76dd0000 	C:\Windows\system32\ADVAPI32.dll
0x758b0000 - 0x7595c000 	C:\Windows\system32\msvcrt.dll
0x75d20000 - 0x75d39000 	C:\Windows\SYSTEM32\sechost.dll
0x76ff0000 - 0x77091000 	C:\Windows\system32\RPCRT4.dll
0x770a0000 - 0x77169000 	C:\Windows\system32\USER32.dll
0x75c70000 - 0x75cbe000 	C:\Windows\system32\GDI32.dll
0x76dd0000 - 0x76dda000 	C:\Windows\system32\LPK.dll
0x76b50000 - 0x76bed000 	C:\Windows\system32\USP10.dll
0x742c0000 - 0x7445e000 	C:\Windows\WinSxS\x86_microsoft.windows.common-controls_6595b64144ccf1df_6.0.7600.16400_none_4209f94e2b866170\COMCTL32.dll
0x77340000 - 0x77397000 	C:\Windows\system32\SHLWAPI.dll
0x75c50000 - 0x75c6f000 	C:\Windows\system32\IMM32.DLL
0x76f20000 - 0x76fec000 	C:\Windows\system32\MSCTF.dll
0x723e0000 - 0x7249f000 	C:\Program Files\Java\jre7\bin\msvcr100.dll
0x724b0000 - 0x72830000 	C:\Program Files\Java\jre7\bin\client\jvm.dll
0x724a0000 - 0x724a7000 	C:\Windows\system32\WSOCK32.dll
0x75c10000 - 0x75c45000 	C:\Windows\system32\WS2_32.dll
0x75d10000 - 0x75d16000 	C:\Windows\system32\NSI.dll
0x73b90000 - 0x73bc2000 	C:\Windows\system32\WINMM.dll
0x75c00000 - 0x75c05000 	C:\Windows\system32\PSAPI.DLL
0x723d0000 - 0x723dc000 	C:\Program Files\Java\jre7\bin\verify.dll
0x723b0000 - 0x723d0000 	C:\Program Files\Java\jre7\bin\java.dll
0x72390000 - 0x723a3000 	C:\Program Files\Java\jre7\bin\zip.dll
0x67000000 - 0x67225000 	C:\Users\Developer\AppData\Local\Temp\QtJambi_Developer_x86_4.7.1_msvc2008-20101128-1649\lib\QtCore4.dll
0x755b0000 - 0x7570c000 	C:\Windows\system32\ole32.dll
0x71a90000 - 0x71b1e000 	C:\Windows\WinSxS\x86_microsoft.vc90.crt_1fc8b3b9a1e18e3b_9.0.30729.4926_none_508ed732bcbc0e5a\MSVCP90.dll
0x71500000 - 0x715a3000 	C:\Windows\WinSxS\x86_microsoft.vc90.crt_1fc8b3b9a1e18e3b_9.0.30729.4926_none_508ed732bcbc0e5a\MSVCR90.dll
0x10000000 - 0x10033000 	C:\Users\Developer\AppData\Local\Temp\QtJambi_Developer_x86_4.7.1_msvc2008-20101128-1649\lib\qtjambi.dll
0x00bb0000 - 0x00c94000 	C:\Users\Developer\AppData\Local\Temp\QtJambi_Developer_x86_4.7.1_msvc2008-20101128-1649\lib\com_trolltech_qt_core.dll
0x65000000 - 0x657aa000 	C:\Users\Developer\AppData\Local\Temp\QtJambi_Developer_x86_4.7.1_msvc2008-20101128-1649\lib\QtGui4.dll
0x76ad0000 - 0x76b4b000 	C:\Windows\system32\COMDLG32.dll
0x75e40000 - 0x76a9f000 	C:\Windows\system32\SHELL32.dll
0x772b0000 - 0x7733f000 	C:\Windows\system32\OLEAUT32.dll
0x6fe40000 - 0x6fe91000 	C:\Windows\system32\WINSPOOL.DRV
0x03df0000 - 0x042df000 	C:\Users\Developer\AppData\Local\Temp\QtJambi_Developer_x86_4.7.1_msvc2008-20101128-1649\lib\com_trolltech_qt_gui.dll
0x6e4a0000 - 0x6e58b000 	C:\Windows\system32\dbghelp.dll

VM Arguments:
jvm_args: -Dfile.encoding=UTF-8 
java_command: gui.WindowBattle
Launcher Type: SUN_STANDARD

Environment Variables:
PATH=C:/Program Files/Java/jre7/bin/client;C:/Program Files/Java/jre7/bin;C:/Program Files/Java/jre7/lib/i386;C:\Windows\system32;C:\Windows;C:\Windows\System32\Wbem;C:\Windows\System32\WindowsPowerShell\v1.0\;C:\Users\Developer\Desktop\eclipse;
USERNAME=Developer
OS=Windows_NT
PROCESSOR_IDENTIFIER=x86 Family 6 Model 23 Stepping 6, GenuineIntel



---------------  S Y S T E M  ---------------

OS: Windows 7 Build 7600 

CPU:total 1 (2 cores per cpu, 1 threads per core) family 6 model 23 stepping 6, cmov, cx8, fxsr, mmx, sse, sse2, sse3, ssse3, sse4.1, tsc

Memory: 4k page, physical 1048120k(464388k free), swap 2096696k(1350524k free)

vm_info: Java HotSpot(TM) Client VM (24.45-b08) for windows-x86 JRE (1.7.0_45-b18), built on Oct  8 2013 06:02:43 by "java_re" with unknown MS VC++:1600

time: Thu Jan 23 21:19:55 2014
elapsed time: 2 seconds

