#
# A fatal error has been detected by the Java Runtime Environment:
#
#  EXCEPTION_ACCESS_VIOLATION (0xc0000005) at pc=0x670e8d13, pid=1024, tid=1532
#
# JRE version: Java(TM) SE Runtime Environment (7.0_45-b18) (build 1.7.0_45-b18)
# Java VM: Java HotSpot(TM) Client VM (24.45-b08 mixed mode, sharing windows-x86 )
# Problematic frame:
# C  [QtCore4.dll+0xe8d13]
#
# Failed to write core dump. Minidumps are not enabled by default on client versions of Windows
#
# If you would like to submit a bug report, please visit:
#   http://bugreport.sun.com/bugreport/crash.jsp
# The crash happened outside the Java Virtual Machine in native code.
# See problematic frame for where to report the bug.
#

---------------  T H R E A D  ---------------

Current thread (0x012e4400):  JavaThread "main" [_thread_in_native, id=1532, stack(0x00250000,0x002a0000)]

siginfo: ExceptionCode=0xc0000005, reading address 0x00000020

Registers:
EAX=0x00000000, EBX=0x00000000, ECX=0x00000000, EDX=0x00000000
ESP=0x0029c49c, EBP=0x04545038, ESI=0x0451e608, EDI=0x0029c55c
EIP=0x670e8d13, EFLAGS=0x00010216

Top of Stack: (sp=0x0029c49c)
0x0029c49c:   100118ab 00000000 0029c528 10017a56
0x0029c4ac:   0451e608 fd3dd201 044e5a78 0029c55c
0x0029c4bc:   670f0100 00000103 04549400 04520080
0x0029c4cc:   04545038 00000200 00044600 00000103
0x0029c4dc:   0029c540 1001d76a 00000001 1000ed8d
0x0029c4ec:   10021a00 00000000 0029c514 0029c51c
0x0029c4fc:   00000000 fd3dd3b1 012e4400 3365dd18
0x0029c50c:   0029c5ac 3365dd18 0451ffc0 04545038 

Instructions: (pc=0x670e8d13)
0x670e8cf3:   5f 5e 5d c7 00 00 00 00 00 c7 40 08 00 00 00 80
0x670e8d03:   5b 83 c4 18 c2 08 00 cc cc cc cc cc cc 8b 49 04
0x670e8d13:   8b 41 20 85 c0 74 12 8b 00 8b 4c 24 04 3b 48 08
0x670e8d23:   7d 07 8b 44 88 10 c2 04 00 33 c0 c2 04 00 cc cc 


Register to memory mapping:

EAX=0x00000000 is an unknown value
EBX=0x00000000 is an unknown value
ECX=0x00000000 is an unknown value
EDX=0x00000000 is an unknown value
ESP=0x0029c49c is pointing into the stack for thread: 0x012e4400
EBP=0x04545038 is an unknown value
ESI=0x0451e608 is an unknown value
EDI=0x0029c55c is pointing into the stack for thread: 0x012e4400


Stack: [0x00250000,0x002a0000],  sp=0x0029c49c,  free space=305k
Native frames: (J=compiled Java code, j=interpreted, Vv=VM code, C=native code)
C  [QtCore4.dll+0xe8d13]

Java frames: (J=compiled Java code, j=interpreted, Vv=VM code)
j  com.trolltech.qt.gui.QComboBox.__qt_itemData_int_int(JII)Ljava/lang/Object;+0
j  com.trolltech.qt.gui.QComboBox.itemData(II)Ljava/lang/Object;+53
j  com.trolltech.qt.gui.QComboBox.itemData(I)Ljava/lang/Object;+4
j  gui.WindowCampaign.missionChanged(I)V+5
v  ~StubRoutines::call_stub
j  sun.reflect.NativeMethodAccessorImpl.invoke0(Ljava/lang/reflect/Method;Ljava/lang/Object;[Ljava/lang/Object;)Ljava/lang/Object;+0
j  sun.reflect.NativeMethodAccessorImpl.invoke(Ljava/lang/Object;[Ljava/lang/Object;)Ljava/lang/Object;+87
j  sun.reflect.DelegatingMethodAccessorImpl.invoke(Ljava/lang/Object;[Ljava/lang/Object;)Ljava/lang/Object;+6
j  java.lang.reflect.Method.invoke(Ljava/lang/Object;[Ljava/lang/Object;)Ljava/lang/Object;+57
j  com.trolltech.qt.internal.QSignalEmitterInternal$AbstractSignalInternal.emit_helper([Ljava/lang/Object;)V+464
j  com.trolltech.qt.QSignalEmitter$Signal1.emit(Ljava/lang/Object;)V+9
v  ~StubRoutines::call_stub
j  com.trolltech.qt.gui.QApplication.exec()I+0
j  gui.WindowCampaign.main([Ljava/lang/String;)V+17
v  ~StubRoutines::call_stub

---------------  P R O C E S S  ---------------

Java Threads: ( => current thread )
  0x03a50400 JavaThread "Thread-0" daemon [_thread_blocked, id=800, stack(0x03870000,0x038c0000)]
  0x01385800 JavaThread "Service Thread" daemon [_thread_blocked, id=992, stack(0x03900000,0x03950000)]
  0x01376000 JavaThread "C1 CompilerThread0" daemon [_thread_blocked, id=892, stack(0x036c0000,0x03710000)]
  0x01374c00 JavaThread "Attach Listener" daemon [_thread_blocked, id=704, stack(0x03550000,0x035a0000)]
  0x01371800 JavaThread "Signal Dispatcher" daemon [_thread_blocked, id=1820, stack(0x037c0000,0x03810000)]
  0x0130bc00 JavaThread "Finalizer" daemon [_thread_blocked, id=1544, stack(0x034e0000,0x03530000)]
  0x01306800 JavaThread "Reference Handler" daemon [_thread_blocked, id=1620, stack(0x03600000,0x03650000)]
=>0x012e4400 JavaThread "main" [_thread_in_native, id=1532, stack(0x00250000,0x002a0000)]

Other Threads:
  0x01305000 VMThread [stack: 0x03660000,0x036b0000] [id=1288]
  0x0138e800 WatcherThread [stack: 0x03980000,0x039d0000] [id=1356]

VM state:not at safepoint (normal execution)

VM Mutex/Monitor currently owned by a thread: None

Heap
 def new generation   total 4928K, used 1942K [0x235f0000, 0x23b40000, 0x28b40000)
  eden space 4416K,  32% used [0x235f0000, 0x23755aa0, 0x23a40000)
  from space 512K,  99% used [0x23a40000, 0x23abfff8, 0x23ac0000)
  to   space 512K,   0% used [0x23ac0000, 0x23ac0000, 0x23b40000)
 tenured generation   total 10944K, used 1734K [0x28b40000, 0x295f0000, 0x335f0000)
   the space 10944K,  15% used [0x28b40000, 0x28cf1918, 0x28cf1a00, 0x295f0000)
 compacting perm gen  total 12288K, used 3167K [0x335f0000, 0x341f0000, 0x375f0000)
   the space 12288K,  25% used [0x335f0000, 0x33907c38, 0x33907e00, 0x341f0000)
    ro space 10240K,  41% used [0x375f0000, 0x37a21a78, 0x37a21c00, 0x37ff0000)
    rw space 12288K,  52% used [0x37ff0000, 0x386362c0, 0x38636400, 0x38bf0000)

Card table byte_map: [0x03430000,0x034e0000] byte_map_base: 0x03315080

Polling page: 0x00100000

Code Cache  [0x01430000, 0x014f0000, 0x03430000)
 total_blobs=259 nmethods=108 adapters=88 free_code_cache=32000Kb largest_free_block=32768960

Compilation events (10 events):
Event: 2.052 Thread 0x01376000  103             java.lang.CharacterDataLatin1::toUpperCase (53 bytes)
Event: 2.053 Thread 0x01376000 nmethod 103 0x014ee648 code [0x014ee740, 0x014ee830]
Event: 2.065 Thread 0x01376000  105             java.util.regex.Matcher::reset (83 bytes)
Event: 2.066 Thread 0x01376000 nmethod 105 0x014eebc8 code [0x014eece0, 0x014eee2c]
Event: 2.082 Thread 0x01376000  106             java.lang.ref.Reference::get (5 bytes)
Event: 2.082 Thread 0x01376000 nmethod 106 0x014ef008 code [0x014ef100, 0x014ef180]
Event: 2.205 Thread 0x01376000  107             java.net.URL::getFile (5 bytes)
Event: 2.205 Thread 0x01376000 nmethod 107 0x014ef708 code [0x014ef800, 0x014ef880]
Event: 2.221 Thread 0x01376000  108             java.util.regex.Matcher::search (109 bytes)
Event: 2.221 Thread 0x01376000 nmethod 108 0x014ef8c8 code [0x014ef9e0, 0x014efb1c]

GC Heap History (4 events):
Event: 0.664 GC heap before
{Heap before GC invocations=0 (full 0):
 def new generation   total 4928K, used 4416K [0x235f0000, 0x23b40000, 0x28b40000)
  eden space 4416K, 100% used [0x235f0000, 0x23a40000, 0x23a40000)
  from space 512K,   0% used [0x23a40000, 0x23a40000, 0x23ac0000)
  to   space 512K,   0% used [0x23ac0000, 0x23ac0000, 0x23b40000)
 tenured generation   total 10944K, used 0K [0x28b40000, 0x295f0000, 0x335f0000)
   the space 10944K,   0% used [0x28b40000, 0x28b40000, 0x28b40200, 0x295f0000)
 compacting perm gen  total 12288K, used 1898K [0x335f0000, 0x341f0000, 0x375f0000)
   the space 12288K,  15% used [0x335f0000, 0x337cab50, 0x337cac00, 0x341f0000)
    ro space 10240K,  41% used [0x375f0000, 0x37a21a78, 0x37a21c00, 0x37ff0000)
    rw space 12288K,  52% used [0x37ff0000, 0x386362c0, 0x38636400, 0x38bf0000)
Event: 0.671 GC heap after
Heap after GC invocations=1 (full 0):
 def new generation   total 4928K, used 512K [0x235f0000, 0x23b40000, 0x28b40000)
  eden space 4416K,   0% used [0x235f0000, 0x235f0000, 0x23a40000)
  from space 512K, 100% used [0x23ac0000, 0x23b40000, 0x23b40000)
  to   space 512K,   0% used [0x23a40000, 0x23a40000, 0x23ac0000)
 tenured generation   total 10944K, used 737K [0x28b40000, 0x295f0000, 0x335f0000)
   the space 10944K,   6% used [0x28b40000, 0x28bf8480, 0x28bf8600, 0x295f0000)
 compacting perm gen  total 12288K, used 1898K [0x335f0000, 0x341f0000, 0x375f0000)
   the space 12288K,  15% used [0x335f0000, 0x337cab50, 0x337cac00, 0x341f0000)
    ro space 10240K,  41% used [0x375f0000, 0x37a21a78, 0x37a21c00, 0x37ff0000)
    rw space 12288K,  52% used [0x37ff0000, 0x386362c0, 0x38636400, 0x38bf0000)
}
Event: 2.068 GC heap before
{Heap before GC invocations=1 (full 0):
 def new generation   total 4928K, used 4928K [0x235f0000, 0x23b40000, 0x28b40000)
  eden space 4416K, 100% used [0x235f0000, 0x23a40000, 0x23a40000)
  from space 512K, 100% used [0x23ac0000, 0x23b40000, 0x23b40000)
  to   space 512K,   0% used [0x23a40000, 0x23a40000, 0x23ac0000)
 tenured generation   total 10944K, used 737K [0x28b40000, 0x295f0000, 0x335f0000)
   the space 10944K,   6% used [0x28b40000, 0x28bf8480, 0x28bf8600, 0x295f0000)
 compacting perm gen  total 12288K, used 3008K [0x335f0000, 0x341f0000, 0x375f0000)
   the space 12288K,  24% used [0x335f0000, 0x338e0010, 0x338e0200, 0x341f0000)
    ro space 10240K,  41% used [0x375f0000, 0x37a21a78, 0x37a21c00, 0x37ff0000)
    rw space 12288K,  52% used [0x37ff0000, 0x386362c0, 0x38636400, 0x38bf0000)
Event: 2.080 GC heap after
Heap after GC invocations=2 (full 0):
 def new generation   total 4928K, used 511K [0x235f0000, 0x23b40000, 0x28b40000)
  eden space 4416K,   0% used [0x235f0000, 0x235f0000, 0x23a40000)
  from space 512K,  99% used [0x23a40000, 0x23abfff8, 0x23ac0000)
  to   space 512K,   0% used [0x23ac0000, 0x23ac0000, 0x23b40000)
 tenured generation   total 10944K, used 1734K [0x28b40000, 0x295f0000, 0x335f0000)
   the space 10944K,  15% used [0x28b40000, 0x28cf1918, 0x28cf1a00, 0x295f0000)
 compacting perm gen  total 12288K, used 3008K [0x335f0000, 0x341f0000, 0x375f0000)
   the space 12288K,  24% used [0x335f0000, 0x338e0010, 0x338e0200, 0x341f0000)
    ro space 10240K,  41% used [0x375f0000, 0x37a21a78, 0x37a21c00, 0x37ff0000)
    rw space 12288K,  52% used [0x37ff0000, 0x386362c0, 0x38636400, 0x38bf0000)
}

Deoptimization events (0 events):
No events

Internal exceptions (10 events):
Event: 2.212 Thread 0x012e4400 Threw 0x236c9de0 at C:\re\jdk7u45\229\hotspot\src\share\vm\prims\jvm.cpp:1244
Event: 2.213 Thread 0x012e4400 Threw 0x236ccec8 at C:\re\jdk7u45\229\hotspot\src\share\vm\prims\jvm.cpp:1244
Event: 2.214 Thread 0x012e4400 Threw 0x236cfe18 at C:\re\jdk7u45\229\hotspot\src\share\vm\prims\jvm.cpp:1244
Event: 2.215 Thread 0x012e4400 Threw 0x236d2dd8 at C:\re\jdk7u45\229\hotspot\src\share\vm\prims\jvm.cpp:1244
Event: 2.216 Thread 0x012e4400 Threw 0x236d5c08 at C:\re\jdk7u45\229\hotspot\src\share\vm\prims\jvm.cpp:1244
Event: 2.216 Thread 0x012e4400 Threw 0x236d8b60 at C:\re\jdk7u45\229\hotspot\src\share\vm\prims\jvm.cpp:1244
Event: 2.217 Thread 0x012e4400 Threw 0x236db8a8 at C:\re\jdk7u45\229\hotspot\src\share\vm\prims\jvm.cpp:1244
Event: 2.218 Thread 0x012e4400 Threw 0x236de608 at C:\re\jdk7u45\229\hotspot\src\share\vm\prims\jvm.cpp:1244
Event: 2.219 Thread 0x012e4400 Threw 0x236e14e0 at C:\re\jdk7u45\229\hotspot\src\share\vm\prims\jvm.cpp:1244
Event: 2.220 Thread 0x012e4400 Threw 0x236e6758 at C:\re\jdk7u45\229\hotspot\src\share\vm\runtime\sharedRuntime.cpp:591

Events (10 events):
Event: 2.215 loading class 0x03b17ef0
Event: 2.215 loading class 0x03b17ef0 done
Event: 2.216 loading class 0x03ae1918
Event: 2.216 loading class 0x03ae1918 done
Event: 2.217 loading class 0x03af94c0
Event: 2.217 loading class 0x03af94c0 done
Event: 2.218 loading class 0x03b15ff0
Event: 2.218 loading class 0x03b15ff0 done
Event: 2.219 loading class 0x03b16028
Event: 2.219 loading class 0x03b16028 done


Dynamic libraries:
0x003d0000 - 0x003ff000 	C:\Program Files\Java\jre7\bin\javaw.exe
0x76e50000 - 0x76f8c000 	C:\Windows\SYSTEM32\ntdll.dll
0x75d30000 - 0x75e04000 	C:\Windows\system32\kernel32.dll
0x75210000 - 0x7525a000 	C:\Windows\system32\KERNELBASE.dll
0x75670000 - 0x75710000 	C:\Windows\system32\ADVAPI32.dll
0x75c80000 - 0x75d2c000 	C:\Windows\system32\msvcrt.dll
0x75a70000 - 0x75a89000 	C:\Windows\SYSTEM32\sechost.dll
0x75b60000 - 0x75c01000 	C:\Windows\system32\RPCRT4.dll
0x753a0000 - 0x75469000 	C:\Windows\system32\USER32.dll
0x76fd0000 - 0x7701e000 	C:\Windows\system32\GDI32.dll
0x76f90000 - 0x76f9a000 	C:\Windows\system32\LPK.dll
0x75890000 - 0x7592d000 	C:\Windows\system32\USP10.dll
0x73fa0000 - 0x7413e000 	C:\Windows\WinSxS\x86_microsoft.windows.common-controls_6595b64144ccf1df_6.0.7600.16400_none_4209f94e2b866170\COMCTL32.dll
0x75c20000 - 0x75c77000 	C:\Windows\system32\SHLWAPI.dll
0x75710000 - 0x7572f000 	C:\Windows\system32\IMM32.DLL
0x75a90000 - 0x75b5c000 	C:\Windows\system32\MSCTF.dll
0x72060000 - 0x7211f000 	C:\Program Files\Java\jre7\bin\msvcr100.dll
0x71a30000 - 0x71db0000 	C:\Program Files\Java\jre7\bin\client\jvm.dll
0x72120000 - 0x72127000 	C:\Windows\system32\WSOCK32.dll
0x75980000 - 0x759b5000 	C:\Windows\system32\WS2_32.dll
0x759d0000 - 0x759d6000 	C:\Windows\system32\NSI.dll
0x6f950000 - 0x6f982000 	C:\Windows\system32\WINMM.dll
0x759c0000 - 0x759c5000 	C:\Windows\system32\PSAPI.DLL
0x72050000 - 0x7205c000 	C:\Program Files\Java\jre7\bin\verify.dll
0x72030000 - 0x72050000 	C:\Program Files\Java\jre7\bin\java.dll
0x72010000 - 0x72023000 	C:\Program Files\Java\jre7\bin\zip.dll
0x67000000 - 0x67225000 	C:\Users\Developer\AppData\Local\Temp\QtJambi_Developer_x86_4.7.1_msvc2008-20101128-1649\lib\QtCore4.dll
0x75730000 - 0x7588c000 	C:\Windows\system32\ole32.dll
0x731e0000 - 0x7326e000 	C:\Windows\WinSxS\x86_microsoft.vc90.crt_1fc8b3b9a1e18e3b_9.0.30729.4926_none_508ed732bcbc0e5a\MSVCP90.dll
0x6eb00000 - 0x6eba3000 	C:\Windows\WinSxS\x86_microsoft.vc90.crt_1fc8b3b9a1e18e3b_9.0.30729.4926_none_508ed732bcbc0e5a\MSVCR90.dll
0x10000000 - 0x10033000 	C:\Users\Developer\AppData\Local\Temp\QtJambi_Developer_x86_4.7.1_msvc2008-20101128-1649\lib\qtjambi.dll
0x03bd0000 - 0x03cb4000 	C:\Users\Developer\AppData\Local\Temp\QtJambi_Developer_x86_4.7.1_msvc2008-20101128-1649\lib\com_trolltech_qt_core.dll
0x65000000 - 0x657aa000 	C:\Users\Developer\AppData\Local\Temp\QtJambi_Developer_x86_4.7.1_msvc2008-20101128-1649\lib\QtGui4.dll
0x75320000 - 0x7539b000 	C:\Windows\system32\COMDLG32.dll
0x75f50000 - 0x76baf000 	C:\Windows\system32\SHELL32.dll
0x759e0000 - 0x75a6f000 	C:\Windows\system32\OLEAUT32.dll
0x6fc80000 - 0x6fcd1000 	C:\Windows\system32\WINSPOOL.DRV
0x03fd0000 - 0x044bf000 	C:\Users\Developer\AppData\Local\Temp\QtJambi_Developer_x86_4.7.1_msvc2008-20101128-1649\lib\com_trolltech_qt_gui.dll
0x73e20000 - 0x73e60000 	C:\Windows\system32\uxtheme.dll
0x73af0000 - 0x73b03000 	C:\Windows\system32\dwmapi.dll
0x74ec0000 - 0x74ecc000 	C:\Windows\system32\CRYPTBASE.dll
0x005a0000 - 0x005aa000 	C:\Users\DEVELO~1\AppData\Local\Temp\QtJambi_Developer_x86_4.7.1_msvc2008-20101128-1649\plugins\imageformats\qgif4.dll
0x013e0000 - 0x01413000 	C:\Users\DEVELO~1\AppData\Local\Temp\QtJambi_Developer_x86_4.7.1_msvc2008-20101128-1649\plugins\imageformats\qjpeg4.dll
0x035a0000 - 0x035da000 	C:\Users\DEVELO~1\AppData\Local\Temp\QtJambi_Developer_x86_4.7.1_msvc2008-20101128-1649\plugins\imageformats\qmng4.dll
0x03810000 - 0x03858000 	C:\Users\DEVELO~1\AppData\Local\Temp\QtJambi_Developer_x86_4.7.1_msvc2008-20101128-1649\plugins\imageformats\qtiff4.dll
0x74a40000 - 0x74a56000 	C:\Windows\system32\CRYPTSP.dll
0x747e0000 - 0x7481b000 	C:\Windows\system32\rsaenh.dll
0x74f80000 - 0x74f8e000 	C:\Windows\system32\RpcRtRemote.dll
0x6ea50000 - 0x6ead4000 	C:\Windows\WinSxS\x86_microsoft.windows.common-controls_6595b64144ccf1df_5.82.7600.16400_none_ebf9dccf6c73e561\comctl32.dll
0x6dec0000 - 0x6dfab000 	C:\Windows\system32\dbghelp.dll

VM Arguments:
jvm_args: -Dfile.encoding=UTF-8 
java_command: gui.WindowCampaign
Launcher Type: SUN_STANDARD

Environment Variables:
PATH=C:/Program Files/Java/jre7/bin/client;C:/Program Files/Java/jre7/bin;C:/Program Files/Java/jre7/lib/i386;C:\Windows\system32;C:\Windows;C:\Windows\System32\Wbem;C:\Windows\System32\WindowsPowerShell\v1.0\;C:\Users\Developer\Desktop\eclipse;
USERNAME=Developer
OS=Windows_NT
PROCESSOR_IDENTIFIER=x86 Family 6 Model 23 Stepping 6, GenuineIntel



---------------  S Y S T E M  ---------------

OS: Windows 7 Build 7600 

CPU:total 1 (2 cores per cpu, 1 threads per core) family 6 model 23 stepping 6, cmov, cx8, fxsr, mmx, sse, sse2, sse3, ssse3, sse4.1, tsc

Memory: 4k page, physical 1048120k(535276k free), swap 2096696k(1463656k free)

vm_info: Java HotSpot(TM) Client VM (24.45-b08) for windows-x86 JRE (1.7.0_45-b18), built on Oct  8 2013 06:02:43 by "java_re" with unknown MS VC++:1600

time: Sun Jan 26 00:00:33 2014
elapsed time: 2 seconds

