#
# A fatal error has been detected by the Java Runtime Environment:
#
#  EXCEPTION_ACCESS_VIOLATION (0xc0000005) at pc=0x6501ae76, pid=896, tid=876
#
# JRE version: Java(TM) SE Runtime Environment (7.0_45-b18) (build 1.7.0_45-b18)
# Java VM: Java HotSpot(TM) Client VM (24.45-b08 mixed mode, sharing windows-x86 )
# Problematic frame:
# C  [QtGui4.dll+0x1ae76]
#
# Failed to write core dump. Minidumps are not enabled by default on client versions of Windows
#
# If you would like to submit a bug report, please visit:
#   http://bugreport.sun.com/bugreport/crash.jsp
# The crash happened outside the Java Virtual Machine in native code.
# See problematic frame for where to report the bug.
#

---------------  T H R E A D  ---------------

Current thread (0x012e4400):  JavaThread "main" [_thread_in_native, id=876, stack(0x01230000,0x01280000)]

siginfo: ExceptionCode=0xc0000005, reading address 0x00000004

Registers:
EAX=0x00000000, EBX=0x33773f50, ECX=0x012e4530, EDX=0x00000000
ESP=0x0127f9a8, EBP=0x0127f9d8, ESI=0x33773f50, EDI=0x012e4400
EIP=0x6501ae76, EFLAGS=0x00010287

Top of Stack: (sp=0x0127f9a8)
0x0127f9a8:   03f6eb56 013ea9cd 012e4530 0127f9e0
0x0127f9b8:   0127f9b8 33773f50 0127f9e4 33777dc0
0x0127f9c8:   00000000 33773f50 00000000 0127f9e8
0x0127f9d8:   0127fa08 013e339a 23917848 013e88d6
0x0127f9e8:   0127f9e8 33776238 0127fa10 33777dc0
0x0127f9f8:   00000000 33776250 0127f9e8 0127fa14
0x0127fa08:   0127fa38 013e339a 00000000 23801830
0x0127fa18:   0127fa18 33721aa3 0127fa60 33724090 

Instructions: (pc=0x6501ae76)
0x6501ae56:   db 75 94 85 c0 75 90 5b 83 c4 08 c3 cc cc cc cc
0x6501ae66:   cc cc cc cc cc cc cc cc cc cc ff 15 08 24 54 65
0x6501ae76:   8b 40 04 8d 88 80 00 00 00 ff 15 64 24 54 65 84
0x6501ae86:   c0 74 03 33 c0 c3 56 ff 15 08 24 54 65 8b 70 04 


Register to memory mapping:

EAX=0x00000000 is an unknown value
EBX=0x33773f50 is an oop
{method} 
 - klass: {other class}
ECX=0x012e4530 is an unknown value
EDX=0x00000000 is an unknown value
ESP=0x0127f9a8 is pointing into the stack for thread: 0x012e4400
EBP=0x0127f9d8 is pointing into the stack for thread: 0x012e4400
ESI=0x33773f50 is an oop
{method} 
 - klass: {other class}
EDI=0x012e4400 is a thread


Stack: [0x01230000,0x01280000],  sp=0x0127f9a8,  free space=318k
Native frames: (J=compiled Java code, j=interpreted, Vv=VM code, C=native code)
C  [QtGui4.dll+0x1ae76]
j  com.trolltech.qt.gui.QApplication.overrideCursor()Lcom/trolltech/qt/gui/QCursor;+0
j  core.Battle.<init>(Lcore/Player;Lcore/Player;Lcore/Hero;Lcore/Hero;Lcore/Terrain;Lcore/Castle;)V+83
j  gui.WindowBattle.main([Ljava/lang/String;)V+194
v  ~StubRoutines::call_stub
V  [jvm.dll+0x13f1fa]
V  [jvm.dll+0x202aee]
V  [jvm.dll+0x13f27d]
V  [jvm.dll+0xc9945]
V  [jvm.dll+0xd45e7]
C  [javaw.exe+0x2070]
C  [javaw.exe+0xa5b1]
C  [javaw.exe+0xa63b]
C  [kernel32.dll+0x51174]
C  [ntdll.dll+0x5b3f5]
C  [ntdll.dll+0x5b3c8]

Java frames: (J=compiled Java code, j=interpreted, Vv=VM code)
j  com.trolltech.qt.gui.QApplication.overrideCursor_private()Lcom/trolltech/qt/QNativePointer;+0
j  com.trolltech.qt.gui.QApplication.overrideCursor()Lcom/trolltech/qt/gui/QCursor;+0
j  core.Battle.<init>(Lcore/Player;Lcore/Player;Lcore/Hero;Lcore/Hero;Lcore/Terrain;Lcore/Castle;)V+83
j  gui.WindowBattle.main([Ljava/lang/String;)V+194
v  ~StubRoutines::call_stub

---------------  P R O C E S S  ---------------

Java Threads: ( => current thread )
  0x03a8b000 JavaThread "Thread-0" daemon [_thread_blocked, id=864, stack(0x03870000,0x038c0000)]
  0x01385800 JavaThread "Service Thread" daemon [_thread_blocked, id=1404, stack(0x03740000,0x03790000)]
  0x01376000 JavaThread "C1 CompilerThread0" daemon [_thread_blocked, id=1628, stack(0x03900000,0x03950000)]
  0x01374c00 JavaThread "Attach Listener" daemon [_thread_blocked, id=1700, stack(0x037d0000,0x03820000)]
  0x01371800 JavaThread "Signal Dispatcher" daemon [_thread_blocked, id=1208, stack(0x036f0000,0x03740000)]
  0x0130bc00 JavaThread "Finalizer" daemon [_thread_blocked, id=1696, stack(0x034a0000,0x034f0000)]
  0x01306800 JavaThread "Reference Handler" daemon [_thread_blocked, id=672, stack(0x035c0000,0x03610000)]
=>0x012e4400 JavaThread "main" [_thread_in_native, id=876, stack(0x01230000,0x01280000)]

Other Threads:
  0x01305000 VMThread [stack: 0x03650000,0x036a0000] [id=1120]
  0x0138e800 WatcherThread [stack: 0x039c0000,0x03a10000] [id=632]

VM state:not at safepoint (normal execution)

VM Mutex/Monitor currently owned by a thread: None

Heap
 def new generation   total 4928K, used 3344K [0x235f0000, 0x23b40000, 0x28b40000)
  eden space 4416K,  75% used [0x235f0000, 0x23934280, 0x23a40000)
  from space 512K,   0% used [0x23a40000, 0x23a40000, 0x23ac0000)
  to   space 512K,   0% used [0x23ac0000, 0x23ac0000, 0x23b40000)
 tenured generation   total 10944K, used 0K [0x28b40000, 0x295f0000, 0x335f0000)
   the space 10944K,   0% used [0x28b40000, 0x28b40000, 0x28b40200, 0x295f0000)
 compacting perm gen  total 12288K, used 1569K [0x335f0000, 0x341f0000, 0x375f0000)
   the space 12288K,  12% used [0x335f0000, 0x33778450, 0x33778600, 0x341f0000)
    ro space 10240K,  41% used [0x375f0000, 0x37a21a78, 0x37a21c00, 0x37ff0000)
    rw space 12288K,  52% used [0x37ff0000, 0x386362c0, 0x38636400, 0x38bf0000)

Card table byte_map: [0x033e0000,0x03490000] byte_map_base: 0x032c5080

Polling page: 0x00100000

Code Cache  [0x013e0000, 0x01490000, 0x033e0000)
 total_blobs=195 nmethods=55 adapters=77 free_code_cache=32073Kb largest_free_block=32843008

Compilation events (10 events):
Event: 0.588 Thread 0x01376000   51             java.util.Arrays::copyOf (19 bytes)
Event: 0.588 Thread 0x01376000 nmethod 51 0x0148c888 code [0x0148c990, 0x0148cafc]
Event: 0.595 Thread 0x01376000   52   !         sun.reflect.generics.parser.SignatureParser::current (40 bytes)
Event: 0.595 Thread 0x01376000 nmethod 52 0x0148cbc8 code [0x0148ccc0, 0x0148cda0]
Event: 0.603 Thread 0x01376000   53             java.util.ArrayList::get (11 bytes)
Event: 0.603 Thread 0x01376000 nmethod 53 0x0148ce88 code [0x0148cfa0, 0x0148d0d4]
Event: 0.604 Thread 0x01376000   54             java.util.ArrayList::rangeCheck (22 bytes)
Event: 0.604 Thread 0x01376000 nmethod 54 0x0148d248 code [0x0148d390, 0x0148d62c]
Event: 0.604 Thread 0x01376000   55             java.util.ArrayList::elementData (7 bytes)
Event: 0.604 Thread 0x01376000 nmethod 55 0x0148d8c8 code [0x0148d9c0, 0x0148da60]

GC Heap History (0 events):
No events

Deoptimization events (0 events):
No events

Internal exceptions (10 events):
Event: 0.605 Thread 0x012e4400 Threw 0x238f0220 at C:\re\jdk7u45\229\hotspot\src\share\vm\prims\jvm.cpp:1244
Event: 0.606 Thread 0x012e4400 Threw 0x238f3cb8 at C:\re\jdk7u45\229\hotspot\src\share\vm\prims\jvm.cpp:1244
Event: 0.607 Thread 0x012e4400 Threw 0x238f70a0 at C:\re\jdk7u45\229\hotspot\src\share\vm\prims\jvm.cpp:1244
Event: 0.607 Thread 0x012e4400 Threw 0x238fab78 at C:\re\jdk7u45\229\hotspot\src\share\vm\prims\jvm.cpp:1244
Event: 0.610 Thread 0x012e4400 Threw 0x238fcf98 at C:\re\jdk7u45\229\hotspot\src\share\vm\prims\jvm.cpp:1244
Event: 0.611 Thread 0x012e4400 Threw 0x23902cb8 at C:\re\jdk7u45\229\hotspot\src\share\vm\prims\jvm.cpp:1244
Event: 0.613 Thread 0x012e4400 Threw 0x2390c298 at C:\re\jdk7u45\229\hotspot\src\share\vm\prims\jvm.cpp:1244
Event: 0.614 Thread 0x012e4400 Threw 0x23917cf8 at C:\re\jdk7u45\229\hotspot\src\share\vm\prims\jvm.cpp:1244
Event: 0.614 Thread 0x012e4400 Threw 0x2391a0c8 at C:\re\jdk7u45\229\hotspot\src\share\vm\prims\jvm.cpp:1244
Event: 0.615 Thread 0x012e4400 Threw 0x2391cc78 at C:\re\jdk7u45\229\hotspot\src\share\vm\prims\jvm.cpp:1244

Events (10 events):
Event: 0.611 loading class 0x013d92b0
Event: 0.611 loading class 0x013d92b0 done
Event: 0.612 loading class 0x01304510
Event: 0.612 loading class 0x01304510 done
Event: 0.614 loading class 0x03ae8ab8
Event: 0.614 loading class 0x03ae8ab8 done
Event: 0.614 loading class 0x03afa790
Event: 0.614 loading class 0x03afa790 done
Event: 0.615 loading class 0x03ae8a78
Event: 0.615 loading class 0x03ae8a78 done


Dynamic libraries:
0x01170000 - 0x0119f000 	C:\Program Files\Java\jre7\bin\javaw.exe
0x77170000 - 0x772ac000 	C:\Windows\SYSTEM32\ntdll.dll
0x76e40000 - 0x76f14000 	C:\Windows\system32\kernel32.dll
0x75560000 - 0x755aa000 	C:\Windows\system32\KERNELBASE.dll
0x76d30000 - 0x76dd0000 	C:\Windows\system32\ADVAPI32.dll
0x758b0000 - 0x7595c000 	C:\Windows\system32\msvcrt.dll
0x75d20000 - 0x75d39000 	C:\Windows\SYSTEM32\sechost.dll
0x76ff0000 - 0x77091000 	C:\Windows\system32\RPCRT4.dll
0x770a0000 - 0x77169000 	C:\Windows\system32\USER32.dll
0x75c70000 - 0x75cbe000 	C:\Windows\system32\GDI32.dll
0x76dd0000 - 0x76dda000 	C:\Windows\system32\LPK.dll
0x76b50000 - 0x76bed000 	C:\Windows\system32\USP10.dll
0x742c0000 - 0x7445e000 	C:\Windows\WinSxS\x86_microsoft.windows.common-controls_6595b64144ccf1df_6.0.7600.16400_none_4209f94e2b866170\COMCTL32.dll
0x77340000 - 0x77397000 	C:\Windows\system32\SHLWAPI.dll
0x75c50000 - 0x75c6f000 	C:\Windows\system32\IMM32.DLL
0x76f20000 - 0x76fec000 	C:\Windows\system32\MSCTF.dll
0x723e0000 - 0x7249f000 	C:\Program Files\Java\jre7\bin\msvcr100.dll
0x724b0000 - 0x72830000 	C:\Program Files\Java\jre7\bin\client\jvm.dll
0x724a0000 - 0x724a7000 	C:\Windows\system32\WSOCK32.dll
0x75c10000 - 0x75c45000 	C:\Windows\system32\WS2_32.dll
0x75d10000 - 0x75d16000 	C:\Windows\system32\NSI.dll
0x73b90000 - 0x73bc2000 	C:\Windows\system32\WINMM.dll
0x75c00000 - 0x75c05000 	C:\Windows\system32\PSAPI.DLL
0x723d0000 - 0x723dc000 	C:\Program Files\Java\jre7\bin\verify.dll
0x723b0000 - 0x723d0000 	C:\Program Files\Java\jre7\bin\java.dll
0x72390000 - 0x723a3000 	C:\Program Files\Java\jre7\bin\zip.dll
0x67000000 - 0x67225000 	C:\Users\Developer\AppData\Local\Temp\QtJambi_Developer_x86_4.7.1_msvc2008-20101128-1649\lib\QtCore4.dll
0x755b0000 - 0x7570c000 	C:\Windows\system32\ole32.dll
0x71a90000 - 0x71b1e000 	C:\Windows\WinSxS\x86_microsoft.vc90.crt_1fc8b3b9a1e18e3b_9.0.30729.4926_none_508ed732bcbc0e5a\MSVCP90.dll
0x716d0000 - 0x71773000 	C:\Windows\WinSxS\x86_microsoft.vc90.crt_1fc8b3b9a1e18e3b_9.0.30729.4926_none_508ed732bcbc0e5a\MSVCR90.dll
0x10000000 - 0x10033000 	C:\Users\Developer\AppData\Local\Temp\QtJambi_Developer_x86_4.7.1_msvc2008-20101128-1649\lib\qtjambi.dll
0x03c10000 - 0x03cf4000 	C:\Users\Developer\AppData\Local\Temp\QtJambi_Developer_x86_4.7.1_msvc2008-20101128-1649\lib\com_trolltech_qt_core.dll
0x65000000 - 0x657aa000 	C:\Users\Developer\AppData\Local\Temp\QtJambi_Developer_x86_4.7.1_msvc2008-20101128-1649\lib\QtGui4.dll
0x76ad0000 - 0x76b4b000 	C:\Windows\system32\COMDLG32.dll
0x75e40000 - 0x76a9f000 	C:\Windows\system32\SHELL32.dll
0x772b0000 - 0x7733f000 	C:\Windows\system32\OLEAUT32.dll
0x6fe40000 - 0x6fe91000 	C:\Windows\system32\WINSPOOL.DRV
0x03f10000 - 0x043ff000 	C:\Users\Developer\AppData\Local\Temp\QtJambi_Developer_x86_4.7.1_msvc2008-20101128-1649\lib\com_trolltech_qt_gui.dll
0x6e3b0000 - 0x6e49b000 	C:\Windows\system32\dbghelp.dll

VM Arguments:
jvm_args: -Dfile.encoding=UTF-8 
java_command: gui.WindowBattle
Launcher Type: SUN_STANDARD

Environment Variables:
PATH=C:/Program Files/Java/jre7/bin/client;C:/Program Files/Java/jre7/bin;C:/Program Files/Java/jre7/lib/i386;C:\Windows\system32;C:\Windows;C:\Windows\System32\Wbem;C:\Windows\System32\WindowsPowerShell\v1.0\;C:\Users\Developer\Desktop\eclipse;
USERNAME=Developer
OS=Windows_NT
PROCESSOR_IDENTIFIER=x86 Family 6 Model 23 Stepping 6, GenuineIntel



---------------  S Y S T E M  ---------------

OS: Windows 7 Build 7600 

CPU:total 1 (2 cores per cpu, 1 threads per core) family 6 model 23 stepping 6, cmov, cx8, fxsr, mmx, sse, sse2, sse3, ssse3, sse4.1, tsc

Memory: 4k page, physical 1048120k(594668k free), swap 2096696k(1508044k free)

vm_info: Java HotSpot(TM) Client VM (24.45-b08) for windows-x86 JRE (1.7.0_45-b18), built on Oct  8 2013 06:02:43 by "java_re" with unknown MS VC++:1600

time: Thu Jan 23 21:22:04 2014
elapsed time: 0 seconds

