#
# A fatal error has been detected by the Java Runtime Environment:
#
#  EXCEPTION_ACCESS_VIOLATION (0xc0000005) at pc=0x670e8d13, pid=1956, tid=1780
#
# JRE version: Java(TM) SE Runtime Environment (7.0_45-b18) (build 1.7.0_45-b18)
# Java VM: Java HotSpot(TM) Client VM (24.45-b08 mixed mode, sharing windows-x86 )
# Problematic frame:
# C  [QtCore4.dll+0xe8d13]
#
# Failed to write core dump. Minidumps are not enabled by default on client versions of Windows
#
# If you would like to submit a bug report, please visit:
#   http://bugreport.sun.com/bugreport/crash.jsp
# The crash happened outside the Java Virtual Machine in native code.
# See problematic frame for where to report the bug.
#

---------------  T H R E A D  ---------------

Current thread (0x00594400):  JavaThread "main" [_thread_in_native, id=1780, stack(0x00540000,0x00590000)]

siginfo: ExceptionCode=0xc0000005, reading address 0x00000020

Registers:
EAX=0x00000000, EBX=0x00000000, ECX=0x00000000, EDX=0x00000000
ESP=0x0058c4dc, EBP=0x044a5238, ESI=0x0447e7f0, EDI=0x0058c59c
EIP=0x670e8d13, EFLAGS=0x00010212

Top of Stack: (sp=0x0058c4dc)
0x0058c4dc:   100118ab 00000000 0058c568 10017a56
0x0058c4ec:   0447e7f0 51af9067 03e3fc10 0058c59c
0x0058c4fc:   670f0100 00000103 044ab2e8 044802f8
0x0058c50c:   044a5238 00000200 00044600 00000103
0x0058c51c:   0058c580 1001d76a 00000001 1000ed8d
0x0058c52c:   10021a00 00000000 0058c554 0058c55c
0x0058c53c:   00000000 51af91d7 00594400 3365dd78
0x0058c54c:   0058c5ec 3365dd78 04480238 044a5238 

Instructions: (pc=0x670e8d13)
0x670e8cf3:   5f 5e 5d c7 00 00 00 00 00 c7 40 08 00 00 00 80
0x670e8d03:   5b 83 c4 18 c2 08 00 cc cc cc cc cc cc 8b 49 04
0x670e8d13:   8b 41 20 85 c0 74 12 8b 00 8b 4c 24 04 3b 48 08
0x670e8d23:   7d 07 8b 44 88 10 c2 04 00 33 c0 c2 04 00 cc cc 


Register to memory mapping:

EAX=0x00000000 is an unknown value
EBX=0x00000000 is an unknown value
ECX=0x00000000 is an unknown value
EDX=0x00000000 is an unknown value
ESP=0x0058c4dc is pointing into the stack for thread: 0x00594400
EBP=0x044a5238 is an unknown value
ESI=0x0447e7f0 is an unknown value
EDI=0x0058c59c is pointing into the stack for thread: 0x00594400


Stack: [0x00540000,0x00590000],  sp=0x0058c4dc,  free space=305k
Native frames: (J=compiled Java code, j=interpreted, Vv=VM code, C=native code)
C  [QtCore4.dll+0xe8d13]

Java frames: (J=compiled Java code, j=interpreted, Vv=VM code)
j  com.trolltech.qt.gui.QComboBox.__qt_itemData_int_int(JII)Ljava/lang/Object;+0
j  com.trolltech.qt.gui.QComboBox.itemData(II)Ljava/lang/Object;+53
j  com.trolltech.qt.gui.QComboBox.itemData(I)Ljava/lang/Object;+4
j  gui.WindowCampaign.missionChanged(I)V+5
v  ~StubRoutines::call_stub
j  sun.reflect.NativeMethodAccessorImpl.invoke0(Ljava/lang/reflect/Method;Ljava/lang/Object;[Ljava/lang/Object;)Ljava/lang/Object;+0
j  sun.reflect.NativeMethodAccessorImpl.invoke(Ljava/lang/Object;[Ljava/lang/Object;)Ljava/lang/Object;+87
j  sun.reflect.DelegatingMethodAccessorImpl.invoke(Ljava/lang/Object;[Ljava/lang/Object;)Ljava/lang/Object;+6
j  java.lang.reflect.Method.invoke(Ljava/lang/Object;[Ljava/lang/Object;)Ljava/lang/Object;+57
j  com.trolltech.qt.internal.QSignalEmitterInternal$AbstractSignalInternal.emit_helper([Ljava/lang/Object;)V+464
j  com.trolltech.qt.QSignalEmitter$Signal1.emit(Ljava/lang/Object;)V+9
v  ~StubRoutines::call_stub
j  com.trolltech.qt.gui.QApplication.exec()I+0
j  gui.WindowCampaign.main([Ljava/lang/String;)V+17
v  ~StubRoutines::call_stub

---------------  P R O C E S S  ---------------

Java Threads: ( => current thread )
  0x00d4ec00 JavaThread "Thread-0" daemon [_thread_blocked, id=248, stack(0x00ed0000,0x00f20000)]
  0x00635800 JavaThread "Service Thread" daemon [_thread_blocked, id=808, stack(0x00c80000,0x00cd0000)]
  0x00626000 JavaThread "C1 CompilerThread0" daemon [_thread_blocked, id=1256, stack(0x00bf0000,0x00c40000)]
  0x00624c00 JavaThread "Attach Listener" daemon [_thread_blocked, id=1596, stack(0x00b50000,0x00ba0000)]
  0x00621800 JavaThread "Signal Dispatcher" daemon [_thread_blocked, id=1968, stack(0x008e0000,0x00930000)]
  0x005bbc00 JavaThread "Finalizer" daemon [_thread_blocked, id=948, stack(0x00ab0000,0x00b00000)]
  0x005b6800 JavaThread "Reference Handler" daemon [_thread_blocked, id=1344, stack(0x00960000,0x009b0000)]
=>0x00594400 JavaThread "main" [_thread_in_native, id=1780, stack(0x00540000,0x00590000)]

Other Threads:
  0x005b5000 VMThread [stack: 0x00850000,0x008a0000] [id=348]
  0x0063e800 WatcherThread [stack: 0x00a50000,0x00aa0000] [id=1788]

VM state:not at safepoint (normal execution)

VM Mutex/Monitor currently owned by a thread: None

Heap
 def new generation   total 4928K, used 1982K [0x235f0000, 0x23b40000, 0x28b40000)
  eden space 4416K,  33% used [0x235f0000, 0x2375f9b8, 0x23a40000)
  from space 512K, 100% used [0x23a40000, 0x23ac0000, 0x23ac0000)
  to   space 512K,   0% used [0x23ac0000, 0x23ac0000, 0x23b40000)
 tenured generation   total 10944K, used 1737K [0x28b40000, 0x295f0000, 0x335f0000)
   the space 10944K,  15% used [0x28b40000, 0x28cf2470, 0x28cf2600, 0x295f0000)
 compacting perm gen  total 12288K, used 3169K [0x335f0000, 0x341f0000, 0x375f0000)
   the space 12288K,  25% used [0x335f0000, 0x33908708, 0x33908800, 0x341f0000)
    ro space 10240K,  41% used [0x375f0000, 0x37a21a78, 0x37a21c00, 0x37ff0000)
    rw space 12288K,  52% used [0x37ff0000, 0x386362c0, 0x38636400, 0x38bf0000)

Card table byte_map: [0x00720000,0x007d0000] byte_map_base: 0x00605080

Polling page: 0x00100000

Code Cache  [0x01c50000, 0x01d18000, 0x03c50000)
 total_blobs=260 nmethods=109 adapters=88 free_code_cache=31999Kb largest_free_block=32767936

Compilation events (10 events):
Event: 1.960 Thread 0x00626000  105             java.lang.ref.Reference::get (5 bytes)
Event: 1.960 Thread 0x00626000 nmethod 105 0x01d0edc8 code [0x01d0eec0, 0x01d0ef40]
Event: 2.096 Thread 0x00626000  106             java.net.URL::getFile (5 bytes)
Event: 2.096 Thread 0x00626000 nmethod 106 0x01d0f4c8 code [0x01d0f5c0, 0x01d0f640]
Event: 2.108 Thread 0x00626000  107             java.util.Arrays::copyOf (19 bytes)
Event: 2.109 Thread 0x00626000 nmethod 107 0x01d0f688 code [0x01d0f790, 0x01d0f8fc]
Event: 2.110 Thread 0x00626000  108             java.lang.String::indexOf (7 bytes)
Event: 2.110 Thread 0x00626000 nmethod 108 0x01d0f9c8 code [0x01d0fad0, 0x01d0fb9c]
Event: 2.113 Thread 0x00626000  109             java.util.regex.Matcher::search (109 bytes)
Event: 2.113 Thread 0x00626000 nmethod 109 0x01d0fcc8 code [0x01d0fde0, 0x01d0ff1c]

GC Heap History (4 events):
Event: 0.671 GC heap before
{Heap before GC invocations=0 (full 0):
 def new generation   total 4928K, used 4416K [0x235f0000, 0x23b40000, 0x28b40000)
  eden space 4416K, 100% used [0x235f0000, 0x23a40000, 0x23a40000)
  from space 512K,   0% used [0x23a40000, 0x23a40000, 0x23ac0000)
  to   space 512K,   0% used [0x23ac0000, 0x23ac0000, 0x23b40000)
 tenured generation   total 10944K, used 0K [0x28b40000, 0x295f0000, 0x335f0000)
   the space 10944K,   0% used [0x28b40000, 0x28b40000, 0x28b40200, 0x295f0000)
 compacting perm gen  total 12288K, used 1901K [0x335f0000, 0x341f0000, 0x375f0000)
   the space 12288K,  15% used [0x335f0000, 0x337cb510, 0x337cb600, 0x341f0000)
    ro space 10240K,  41% used [0x375f0000, 0x37a21a78, 0x37a21c00, 0x37ff0000)
    rw space 12288K,  52% used [0x37ff0000, 0x386362c0, 0x38636400, 0x38bf0000)
Event: 0.679 GC heap after
Heap after GC invocations=1 (full 0):
 def new generation   total 4928K, used 512K [0x235f0000, 0x23b40000, 0x28b40000)
  eden space 4416K,   0% used [0x235f0000, 0x235f0000, 0x23a40000)
  from space 512K, 100% used [0x23ac0000, 0x23b40000, 0x23b40000)
  to   space 512K,   0% used [0x23a40000, 0x23a40000, 0x23ac0000)
 tenured generation   total 10944K, used 724K [0x28b40000, 0x295f0000, 0x335f0000)
   the space 10944K,   6% used [0x28b40000, 0x28bf5178, 0x28bf5200, 0x295f0000)
 compacting perm gen  total 12288K, used 1901K [0x335f0000, 0x341f0000, 0x375f0000)
   the space 12288K,  15% used [0x335f0000, 0x337cb510, 0x337cb600, 0x341f0000)
    ro space 10240K,  41% used [0x375f0000, 0x37a21a78, 0x37a21c00, 0x37ff0000)
    rw space 12288K,  52% used [0x37ff0000, 0x386362c0, 0x38636400, 0x38bf0000)
}
Event: 1.944 GC heap before
{Heap before GC invocations=1 (full 0):
 def new generation   total 4928K, used 4928K [0x235f0000, 0x23b40000, 0x28b40000)
  eden space 4416K, 100% used [0x235f0000, 0x23a40000, 0x23a40000)
  from space 512K, 100% used [0x23ac0000, 0x23b40000, 0x23b40000)
  to   space 512K,   0% used [0x23a40000, 0x23a40000, 0x23ac0000)
 tenured generation   total 10944K, used 724K [0x28b40000, 0x295f0000, 0x335f0000)
   the space 10944K,   6% used [0x28b40000, 0x28bf5178, 0x28bf5200, 0x295f0000)
 compacting perm gen  total 12288K, used 3010K [0x335f0000, 0x341f0000, 0x375f0000)
   the space 12288K,  24% used [0x335f0000, 0x338e0ae0, 0x338e0c00, 0x341f0000)
    ro space 10240K,  41% used [0x375f0000, 0x37a21a78, 0x37a21c00, 0x37ff0000)
    rw space 12288K,  52% used [0x37ff0000, 0x386362c0, 0x38636400, 0x38bf0000)
Event: 1.958 GC heap after
Heap after GC invocations=2 (full 0):
 def new generation   total 4928K, used 512K [0x235f0000, 0x23b40000, 0x28b40000)
  eden space 4416K,   0% used [0x235f0000, 0x235f0000, 0x23a40000)
  from space 512K, 100% used [0x23a40000, 0x23ac0000, 0x23ac0000)
  to   space 512K,   0% used [0x23ac0000, 0x23ac0000, 0x23b40000)
 tenured generation   total 10944K, used 1737K [0x28b40000, 0x295f0000, 0x335f0000)
   the space 10944K,  15% used [0x28b40000, 0x28cf2470, 0x28cf2600, 0x295f0000)
 compacting perm gen  total 12288K, used 3010K [0x335f0000, 0x341f0000, 0x375f0000)
   the space 12288K,  24% used [0x335f0000, 0x338e0ae0, 0x338e0c00, 0x341f0000)
    ro space 10240K,  41% used [0x375f0000, 0x37a21a78, 0x37a21c00, 0x37ff0000)
    rw space 12288K,  52% used [0x37ff0000, 0x386362c0, 0x38636400, 0x38bf0000)
}

Deoptimization events (0 events):
No events

Internal exceptions (10 events):
Event: 2.103 Thread 0x00594400 Threw 0x236d0880 at C:\re\jdk7u45\229\hotspot\src\share\vm\prims\jvm.cpp:1244
Event: 2.104 Thread 0x00594400 Threw 0x236d3968 at C:\re\jdk7u45\229\hotspot\src\share\vm\prims\jvm.cpp:1244
Event: 2.105 Thread 0x00594400 Threw 0x236d68b8 at C:\re\jdk7u45\229\hotspot\src\share\vm\prims\jvm.cpp:1244
Event: 2.106 Thread 0x00594400 Threw 0x236d9878 at C:\re\jdk7u45\229\hotspot\src\share\vm\prims\jvm.cpp:1244
Event: 2.106 Thread 0x00594400 Threw 0x236dc6a8 at C:\re\jdk7u45\229\hotspot\src\share\vm\prims\jvm.cpp:1244
Event: 2.107 Thread 0x00594400 Threw 0x236df600 at C:\re\jdk7u45\229\hotspot\src\share\vm\prims\jvm.cpp:1244
Event: 2.108 Thread 0x00594400 Threw 0x236e2348 at C:\re\jdk7u45\229\hotspot\src\share\vm\prims\jvm.cpp:1244
Event: 2.109 Thread 0x00594400 Threw 0x236e55b0 at C:\re\jdk7u45\229\hotspot\src\share\vm\prims\jvm.cpp:1244
Event: 2.110 Thread 0x00594400 Threw 0x236e8488 at C:\re\jdk7u45\229\hotspot\src\share\vm\prims\jvm.cpp:1244
Event: 2.111 Thread 0x00594400 Threw 0x236ed700 at C:\re\jdk7u45\229\hotspot\src\share\vm\runtime\sharedRuntime.cpp:591

Events (10 events):
Event: 2.106 loading class 0x00e2ddd0
Event: 2.106 loading class 0x00e2ddd0 done
Event: 2.107 loading class 0x00deac40
Event: 2.107 loading class 0x00deac40 done
Event: 2.108 loading class 0x00e1ff40
Event: 2.108 loading class 0x00e1ff40 done
Event: 2.109 loading class 0x00e2b6d0
Event: 2.109 loading class 0x00e2b6d0 done
Event: 2.110 loading class 0x00e2b708
Event: 2.110 loading class 0x00e2b708 done


Dynamic libraries:
0x01020000 - 0x0104f000 	C:\Program Files\Java\jre7\bin\javaw.exe
0x76e50000 - 0x76f8c000 	C:\Windows\SYSTEM32\ntdll.dll
0x75d30000 - 0x75e04000 	C:\Windows\system32\kernel32.dll
0x75210000 - 0x7525a000 	C:\Windows\system32\KERNELBASE.dll
0x75670000 - 0x75710000 	C:\Windows\system32\ADVAPI32.dll
0x75c80000 - 0x75d2c000 	C:\Windows\system32\msvcrt.dll
0x75a70000 - 0x75a89000 	C:\Windows\SYSTEM32\sechost.dll
0x75b60000 - 0x75c01000 	C:\Windows\system32\RPCRT4.dll
0x753a0000 - 0x75469000 	C:\Windows\system32\USER32.dll
0x76fd0000 - 0x7701e000 	C:\Windows\system32\GDI32.dll
0x76f90000 - 0x76f9a000 	C:\Windows\system32\LPK.dll
0x75890000 - 0x7592d000 	C:\Windows\system32\USP10.dll
0x73fa0000 - 0x7413e000 	C:\Windows\WinSxS\x86_microsoft.windows.common-controls_6595b64144ccf1df_6.0.7600.16400_none_4209f94e2b866170\COMCTL32.dll
0x75c20000 - 0x75c77000 	C:\Windows\system32\SHLWAPI.dll
0x75710000 - 0x7572f000 	C:\Windows\system32\IMM32.DLL
0x75a90000 - 0x75b5c000 	C:\Windows\system32\MSCTF.dll
0x72060000 - 0x7211f000 	C:\Program Files\Java\jre7\bin\msvcr100.dll
0x71a30000 - 0x71db0000 	C:\Program Files\Java\jre7\bin\client\jvm.dll
0x72120000 - 0x72127000 	C:\Windows\system32\WSOCK32.dll
0x75980000 - 0x759b5000 	C:\Windows\system32\WS2_32.dll
0x759d0000 - 0x759d6000 	C:\Windows\system32\NSI.dll
0x6f950000 - 0x6f982000 	C:\Windows\system32\WINMM.dll
0x759c0000 - 0x759c5000 	C:\Windows\system32\PSAPI.DLL
0x72050000 - 0x7205c000 	C:\Program Files\Java\jre7\bin\verify.dll
0x72030000 - 0x72050000 	C:\Program Files\Java\jre7\bin\java.dll
0x72010000 - 0x72023000 	C:\Program Files\Java\jre7\bin\zip.dll
0x67000000 - 0x67225000 	C:\Users\Developer\AppData\Local\Temp\QtJambi_Developer_x86_4.7.1_msvc2008-20101128-1649\lib\QtCore4.dll
0x75730000 - 0x7588c000 	C:\Windows\system32\ole32.dll
0x6f9a0000 - 0x6fa2e000 	C:\Windows\WinSxS\x86_microsoft.vc90.crt_1fc8b3b9a1e18e3b_9.0.30729.4926_none_508ed732bcbc0e5a\MSVCP90.dll
0x731c0000 - 0x73263000 	C:\Windows\WinSxS\x86_microsoft.vc90.crt_1fc8b3b9a1e18e3b_9.0.30729.4926_none_508ed732bcbc0e5a\MSVCR90.dll
0x10000000 - 0x10033000 	C:\Users\Developer\AppData\Local\Temp\QtJambi_Developer_x86_4.7.1_msvc2008-20101128-1649\lib\qtjambi.dll
0x03c50000 - 0x03d34000 	C:\Users\Developer\AppData\Local\Temp\QtJambi_Developer_x86_4.7.1_msvc2008-20101128-1649\lib\com_trolltech_qt_core.dll
0x65000000 - 0x657aa000 	C:\Users\Developer\AppData\Local\Temp\QtJambi_Developer_x86_4.7.1_msvc2008-20101128-1649\lib\QtGui4.dll
0x75320000 - 0x7539b000 	C:\Windows\system32\COMDLG32.dll
0x75f50000 - 0x76baf000 	C:\Windows\system32\SHELL32.dll
0x759e0000 - 0x75a6f000 	C:\Windows\system32\OLEAUT32.dll
0x6fc80000 - 0x6fcd1000 	C:\Windows\system32\WINSPOOL.DRV
0x03f30000 - 0x0441f000 	C:\Users\Developer\AppData\Local\Temp\QtJambi_Developer_x86_4.7.1_msvc2008-20101128-1649\lib\com_trolltech_qt_gui.dll
0x73e20000 - 0x73e60000 	C:\Windows\system32\uxtheme.dll
0x73af0000 - 0x73b03000 	C:\Windows\system32\dwmapi.dll
0x74ec0000 - 0x74ecc000 	C:\Windows\system32\CRYPTBASE.dll
0x00830000 - 0x0083a000 	C:\Users\DEVELO~1\AppData\Local\Temp\QtJambi_Developer_x86_4.7.1_msvc2008-20101128-1649\plugins\imageformats\qgif4.dll
0x008a0000 - 0x008d3000 	C:\Users\DEVELO~1\AppData\Local\Temp\QtJambi_Developer_x86_4.7.1_msvc2008-20101128-1649\plugins\imageformats\qjpeg4.dll
0x009b0000 - 0x009ea000 	C:\Users\DEVELO~1\AppData\Local\Temp\QtJambi_Developer_x86_4.7.1_msvc2008-20101128-1649\plugins\imageformats\qmng4.dll
0x009f0000 - 0x00a38000 	C:\Users\DEVELO~1\AppData\Local\Temp\QtJambi_Developer_x86_4.7.1_msvc2008-20101128-1649\plugins\imageformats\qtiff4.dll
0x74a40000 - 0x74a56000 	C:\Windows\system32\CRYPTSP.dll
0x747e0000 - 0x7481b000 	C:\Windows\system32\rsaenh.dll
0x74f80000 - 0x74f8e000 	C:\Windows\system32\RpcRtRemote.dll
0x6ea50000 - 0x6ead4000 	C:\Windows\WinSxS\x86_microsoft.windows.common-controls_6595b64144ccf1df_5.82.7600.16400_none_ebf9dccf6c73e561\comctl32.dll
0x6dec0000 - 0x6dfab000 	C:\Windows\system32\dbghelp.dll

VM Arguments:
jvm_args: -Dfile.encoding=UTF-8 
java_command: gui.WindowCampaign
Launcher Type: SUN_STANDARD

Environment Variables:
PATH=C:/Program Files/Java/jre7/bin/client;C:/Program Files/Java/jre7/bin;C:/Program Files/Java/jre7/lib/i386;C:\Windows\system32;C:\Windows;C:\Windows\System32\Wbem;C:\Windows\System32\WindowsPowerShell\v1.0\;C:\Users\Developer\Desktop\eclipse;
USERNAME=Developer
OS=Windows_NT
PROCESSOR_IDENTIFIER=x86 Family 6 Model 23 Stepping 6, GenuineIntel



---------------  S Y S T E M  ---------------

OS: Windows 7 Build 7600 

CPU:total 1 (2 cores per cpu, 1 threads per core) family 6 model 23 stepping 6, cmov, cx8, fxsr, mmx, sse, sse2, sse3, ssse3, sse4.1, tsc

Memory: 4k page, physical 1048120k(529672k free), swap 2096696k(1458792k free)

vm_info: Java HotSpot(TM) Client VM (24.45-b08) for windows-x86 JRE (1.7.0_45-b18), built on Oct  8 2013 06:02:43 by "java_re" with unknown MS VC++:1600

time: Sat Jan 25 23:57:16 2014
elapsed time: 2 seconds

