#
# A fatal error has been detected by the Java Runtime Environment:
#
#  EXCEPTION_ACCESS_VIOLATION (0xc0000005) at pc=0x6501ae76, pid=396, tid=920
#
# JRE version: Java(TM) SE Runtime Environment (7.0_45-b18) (build 1.7.0_45-b18)
# Java VM: Java HotSpot(TM) Client VM (24.45-b08 mixed mode, sharing windows-x86 )
# Problematic frame:
# C  [QtGui4.dll+0x1ae76]
#
# Failed to write core dump. Minidumps are not enabled by default on client versions of Windows
#
# If you would like to submit a bug report, please visit:
#   http://bugreport.sun.com/bugreport/crash.jsp
# The crash happened outside the Java Virtual Machine in native code.
# See problematic frame for where to report the bug.
#

---------------  T H R E A D  ---------------

Current thread (0x012a4400):  JavaThread "main" [_thread_in_native, id=920, stack(0x01250000,0x012a0000)]

siginfo: ExceptionCode=0xc0000005, reading address 0x00000004

Registers:
EAX=0x00000000, EBX=0x33773fa0, ECX=0x012a4530, EDX=0x00000000
ESP=0x0129f548, EBP=0x0129f578, ESI=0x33773fa0, EDI=0x012a4400
EIP=0x6501ae76, EFLAGS=0x00010287

Top of Stack: (sp=0x0129f548)
0x0129f548:   03daeb56 013aa9cd 012a4530 0129f580
0x0129f558:   0129f558 33773fa0 0129f584 33777e10
0x0129f568:   00000000 33773fa0 00000000 0129f588
0x0129f578:   0129f5a8 013a339a 239183b0 013a88d6
0x0129f588:   0129f588 33776288 0129f5b0 33777e10
0x0129f598:   00000000 337762a0 0129f588 0129f5b4
0x0129f5a8:   0129f5d8 013a339a 00000000 238019c0
0x0129f5b8:   0129f5b8 337219d3 0129f600 337240d0 

Instructions: (pc=0x6501ae76)
0x6501ae56:   db 75 94 85 c0 75 90 5b 83 c4 08 c3 cc cc cc cc
0x6501ae66:   cc cc cc cc cc cc cc cc cc cc ff 15 08 24 54 65
0x6501ae76:   8b 40 04 8d 88 80 00 00 00 ff 15 64 24 54 65 84
0x6501ae86:   c0 74 03 33 c0 c3 56 ff 15 08 24 54 65 8b 70 04 


Register to memory mapping:

EAX=0x00000000 is an unknown value
EBX=0x33773fa0 is an oop
{method} 
 - klass: {other class}
ECX=0x012a4530 is an unknown value
EDX=0x00000000 is an unknown value
ESP=0x0129f548 is pointing into the stack for thread: 0x012a4400
EBP=0x0129f578 is pointing into the stack for thread: 0x012a4400
ESI=0x33773fa0 is an oop
{method} 
 - klass: {other class}
EDI=0x012a4400 is a thread


Stack: [0x01250000,0x012a0000],  sp=0x0129f548,  free space=317k
Native frames: (J=compiled Java code, j=interpreted, Vv=VM code, C=native code)
C  [QtGui4.dll+0x1ae76]
j  com.trolltech.qt.gui.QApplication.overrideCursor()Lcom/trolltech/qt/gui/QCursor;+0
j  core.Battle.<init>(Lcore/Player;Lcore/Player;Lcore/Hero;Lcore/Hero;Lcore/Terrain;Lcore/Castle;)V+83
j  gui.WindowBattle.main([Ljava/lang/String;)V+194
v  ~StubRoutines::call_stub
V  [jvm.dll+0x13f1fa]
V  [jvm.dll+0x202aee]
V  [jvm.dll+0x13f27d]
V  [jvm.dll+0xc9945]
V  [jvm.dll+0xd45e7]
C  [javaw.exe+0x2070]
C  [javaw.exe+0xa5b1]
C  [javaw.exe+0xa63b]
C  [kernel32.dll+0x51174]
C  [ntdll.dll+0x5b3f5]
C  [ntdll.dll+0x5b3c8]

Java frames: (J=compiled Java code, j=interpreted, Vv=VM code)
j  com.trolltech.qt.gui.QApplication.overrideCursor_private()Lcom/trolltech/qt/QNativePointer;+0
j  com.trolltech.qt.gui.QApplication.overrideCursor()Lcom/trolltech/qt/gui/QCursor;+0
j  core.Battle.<init>(Lcore/Player;Lcore/Player;Lcore/Hero;Lcore/Hero;Lcore/Terrain;Lcore/Castle;)V+83
j  gui.WindowBattle.main([Ljava/lang/String;)V+194
v  ~StubRoutines::call_stub

---------------  P R O C E S S  ---------------

Java Threads: ( => current thread )
  0x03919000 JavaThread "Thread-0" daemon [_thread_blocked, id=1604, stack(0x03710000,0x03760000)]
  0x01345800 JavaThread "Service Thread" daemon [_thread_blocked, id=1816, stack(0x03850000,0x038a0000)]
  0x01336000 JavaThread "C1 CompilerThread0" daemon [_thread_blocked, id=244, stack(0x03450000,0x034a0000)]
  0x01334c00 JavaThread "Attach Listener" daemon [_thread_blocked, id=1936, stack(0x03780000,0x037d0000)]
  0x01331800 JavaThread "Signal Dispatcher" daemon [_thread_blocked, id=1400, stack(0x03600000,0x03650000)]
  0x012cbc00 JavaThread "Finalizer" daemon [_thread_blocked, id=204, stack(0x03550000,0x035a0000)]
  0x012c6800 JavaThread "Reference Handler" daemon [_thread_blocked, id=1152, stack(0x036a0000,0x036f0000)]
=>0x012a4400 JavaThread "main" [_thread_in_native, id=920, stack(0x01250000,0x012a0000)]

Other Threads:
  0x012c5000 VMThread [stack: 0x034f0000,0x03540000] [id=1608]
  0x0134e800 WatcherThread [stack: 0x035a0000,0x035f0000] [id=1200]

VM state:not at safepoint (normal execution)

VM Mutex/Monitor currently owned by a thread: None

Heap
 def new generation   total 4928K, used 3345K [0x235f0000, 0x23b40000, 0x28b40000)
  eden space 4416K,  75% used [0x235f0000, 0x23934560, 0x23a40000)
  from space 512K,   0% used [0x23a40000, 0x23a40000, 0x23ac0000)
  to   space 512K,   0% used [0x23ac0000, 0x23ac0000, 0x23b40000)
 tenured generation   total 10944K, used 0K [0x28b40000, 0x295f0000, 0x335f0000)
   the space 10944K,   0% used [0x28b40000, 0x28b40000, 0x28b40200, 0x295f0000)
 compacting perm gen  total 12288K, used 1569K [0x335f0000, 0x341f0000, 0x375f0000)
   the space 12288K,  12% used [0x335f0000, 0x337784a0, 0x33778600, 0x341f0000)
    ro space 10240K,  41% used [0x375f0000, 0x37a21a78, 0x37a21c00, 0x37ff0000)
    rw space 12288K,  52% used [0x37ff0000, 0x386362c0, 0x38636400, 0x38bf0000)

Card table byte_map: [0x033a0000,0x03450000] byte_map_base: 0x03285080

Polling page: 0x001d0000

Code Cache  [0x013a0000, 0x01450000, 0x033a0000)
 total_blobs=196 nmethods=56 adapters=77 free_code_cache=32072Kb largest_free_block=32842368

Compilation events (10 events):
Event: 0.623 Thread 0x01336000   51             java.util.Arrays::copyOf (19 bytes)
Event: 0.623 Thread 0x01336000 nmethod 51 0x0144c888 code [0x0144c990, 0x0144cafc]
Event: 0.630 Thread 0x01336000   52   !         sun.reflect.generics.parser.SignatureParser::current (40 bytes)
Event: 0.630 Thread 0x01336000 nmethod 52 0x0144cbc8 code [0x0144ccc0, 0x0144cda0]
Event: 0.638 Thread 0x01336000   53             java.util.ArrayList::get (11 bytes)
Event: 0.638 Thread 0x01336000 nmethod 53 0x0144ce88 code [0x0144cfa0, 0x0144d0d4]
Event: 0.638 Thread 0x01336000   54             java.util.ArrayList::rangeCheck (22 bytes)
Event: 0.638 Thread 0x01336000 nmethod 54 0x0144d248 code [0x0144d390, 0x0144d62c]
Event: 0.638 Thread 0x01336000   55             java.util.ArrayList::elementData (7 bytes)
Event: 0.641 Thread 0x01336000 nmethod 55 0x0144d8c8 code [0x0144d9c0, 0x0144da60]

GC Heap History (0 events):
No events

Deoptimization events (0 events):
No events

Internal exceptions (10 events):
Event: 0.641 Thread 0x012a4400 Threw 0x238f0da0 at C:\re\jdk7u45\229\hotspot\src\share\vm\prims\jvm.cpp:1244
Event: 0.641 Thread 0x012a4400 Threw 0x238f4838 at C:\re\jdk7u45\229\hotspot\src\share\vm\prims\jvm.cpp:1244
Event: 0.643 Thread 0x012a4400 Threw 0x238f7c20 at C:\re\jdk7u45\229\hotspot\src\share\vm\prims\jvm.cpp:1244
Event: 0.643 Thread 0x012a4400 Threw 0x238fb6f8 at C:\re\jdk7u45\229\hotspot\src\share\vm\prims\jvm.cpp:1244
Event: 0.644 Thread 0x012a4400 Threw 0x238fdb18 at C:\re\jdk7u45\229\hotspot\src\share\vm\prims\jvm.cpp:1244
Event: 0.646 Thread 0x012a4400 Threw 0x238fffa0 at C:\re\jdk7u45\229\hotspot\src\share\vm\prims\jvm.cpp:1244
Event: 0.647 Thread 0x012a4400 Threw 0x2390ce00 at C:\re\jdk7u45\229\hotspot\src\share\vm\prims\jvm.cpp:1244
Event: 0.653 Thread 0x012a4400 Threw 0x23918800 at C:\re\jdk7u45\229\hotspot\src\share\vm\prims\jvm.cpp:1244
Event: 0.654 Thread 0x012a4400 Threw 0x2391b380 at C:\re\jdk7u45\229\hotspot\src\share\vm\prims\jvm.cpp:1244
Event: 0.655 Thread 0x012a4400 Threw 0x2391d7e0 at C:\re\jdk7u45\229\hotspot\src\share\vm\prims\jvm.cpp:1244

Events (10 events):
Event: 0.646 loading class 0x038a0dd0
Event: 0.646 loading class 0x038a0dd0 done
Event: 0.647 loading class 0x012c4510
Event: 0.647 loading class 0x012c4510 done
Event: 0.653 loading class 0x03985a30
Event: 0.653 loading class 0x03985a30 done
Event: 0.654 loading class 0x0397c8e8
Event: 0.654 loading class 0x0397c8e8 done
Event: 0.655 loading class 0x0397c8a8
Event: 0.655 loading class 0x0397c8a8 done


Dynamic libraries:
0x00070000 - 0x0009f000 	C:\Program Files\Java\jre7\bin\javaw.exe
0x77c00000 - 0x77d3c000 	C:\Windows\SYSTEM32\ntdll.dll
0x76250000 - 0x76324000 	C:\Windows\system32\kernel32.dll
0x75ea0000 - 0x75eea000 	C:\Windows\system32\KERNELBASE.dll
0x76330000 - 0x763d0000 	C:\Windows\system32\ADVAPI32.dll
0x76180000 - 0x7622c000 	C:\Windows\system32\msvcrt.dll
0x76230000 - 0x76249000 	C:\Windows\SYSTEM32\sechost.dll
0x76aa0000 - 0x76b41000 	C:\Windows\system32\RPCRT4.dll
0x76040000 - 0x76109000 	C:\Windows\system32\USER32.dll
0x77d80000 - 0x77dce000 	C:\Windows\system32\GDI32.dll
0x76110000 - 0x7611a000 	C:\Windows\system32\LPK.dll
0x76680000 - 0x7671d000 	C:\Windows\system32\USP10.dll
0x74bb0000 - 0x74d4e000 	C:\Windows\WinSxS\x86_microsoft.windows.common-controls_6595b64144ccf1df_6.0.7600.16400_none_4209f94e2b866170\COMCTL32.dll
0x76120000 - 0x76177000 	C:\Windows\system32\SHLWAPI.dll
0x77d40000 - 0x77d5f000 	C:\Windows\system32\IMM32.DLL
0x763d0000 - 0x7649c000 	C:\Windows\system32\MSCTF.dll
0x72b20000 - 0x72bdf000 	C:\Program Files\Java\jre7\bin\msvcr100.dll
0x724f0000 - 0x72870000 	C:\Program Files\Java\jre7\bin\client\jvm.dll
0x72be0000 - 0x72be7000 	C:\Windows\system32\WSOCK32.dll
0x76720000 - 0x76755000 	C:\Windows\system32\WS2_32.dll
0x77d70000 - 0x77d76000 	C:\Windows\system32\NSI.dll
0x706b0000 - 0x706e2000 	C:\Windows\system32\WINMM.dll
0x765e0000 - 0x765e5000 	C:\Windows\system32\PSAPI.DLL
0x72b10000 - 0x72b1c000 	C:\Program Files\Java\jre7\bin\verify.dll
0x72af0000 - 0x72b10000 	C:\Program Files\Java\jre7\bin\java.dll
0x72ad0000 - 0x72ae3000 	C:\Program Files\Java\jre7\bin\zip.dll
0x67000000 - 0x67225000 	C:\Users\Developer\AppData\Local\Temp\QtJambi_Developer_x86_4.7.1_msvc2008-20101128-1649\lib\QtCore4.dll
0x76b50000 - 0x76cac000 	C:\Windows\system32\ole32.dll
0x736a0000 - 0x7372e000 	C:\Windows\WinSxS\x86_microsoft.vc90.crt_1fc8b3b9a1e18e3b_9.0.30729.4926_none_508ed732bcbc0e5a\MSVCP90.dll
0x735f0000 - 0x73693000 	C:\Windows\WinSxS\x86_microsoft.vc90.crt_1fc8b3b9a1e18e3b_9.0.30729.4926_none_508ed732bcbc0e5a\MSVCR90.dll
0x10000000 - 0x10033000 	C:\Users\Developer\AppData\Local\Temp\QtJambi_Developer_x86_4.7.1_msvc2008-20101128-1649\lib\qtjambi.dll
0x03aa0000 - 0x03b84000 	C:\Users\Developer\AppData\Local\Temp\QtJambi_Developer_x86_4.7.1_msvc2008-20101128-1649\lib\com_trolltech_qt_core.dll
0x65000000 - 0x657aa000 	C:\Users\Developer\AppData\Local\Temp\QtJambi_Developer_x86_4.7.1_msvc2008-20101128-1649\lib\QtGui4.dll
0x764d0000 - 0x7654b000 	C:\Windows\system32\COMDLG32.dll
0x76e50000 - 0x77aaf000 	C:\Windows\system32\SHELL32.dll
0x76550000 - 0x765df000 	C:\Windows\system32\OLEAUT32.dll
0x709a0000 - 0x709f1000 	C:\Windows\system32\WINSPOOL.DRV
0x03d50000 - 0x0423f000 	C:\Users\Developer\AppData\Local\Temp\QtJambi_Developer_x86_4.7.1_msvc2008-20101128-1649\lib\com_trolltech_qt_gui.dll
0x71b30000 - 0x71c1b000 	C:\Windows\system32\dbghelp.dll

VM Arguments:
jvm_args: -Dfile.encoding=UTF-8 
java_command: gui.WindowBattle
Launcher Type: SUN_STANDARD

Environment Variables:
PATH=C:/Program Files/Java/jre7/bin/client;C:/Program Files/Java/jre7/bin;C:/Program Files/Java/jre7/lib/i386;C:\Windows\system32;C:\Windows;C:\Windows\System32\Wbem;C:\Windows\System32\WindowsPowerShell\v1.0\;C:\Users\Developer\Desktop\eclipse;
USERNAME=Developer
OS=Windows_NT
PROCESSOR_IDENTIFIER=x86 Family 6 Model 23 Stepping 6, GenuineIntel



---------------  S Y S T E M  ---------------

OS: Windows 7 Build 7600 

CPU:total 1 (2 cores per cpu, 1 threads per core) family 6 model 23 stepping 6, cmov, cx8, fxsr, mmx, sse, sse2, sse3, ssse3, sse4.1, tsc

Memory: 4k page, physical 1048120k(556956k free), swap 2096696k(1495140k free)

vm_info: Java HotSpot(TM) Client VM (24.45-b08) for windows-x86 JRE (1.7.0_45-b18), built on Oct  8 2013 06:02:43 by "java_re" with unknown MS VC++:1600

time: Fri Jan 24 14:12:06 2014
elapsed time: 0 seconds

