#
# A fatal error has been detected by the Java Runtime Environment:
#
#  EXCEPTION_ACCESS_VIOLATION (0xc0000005) at pc=0x670e8206, pid=1332, tid=1836
#
# JRE version: Java(TM) SE Runtime Environment (7.0_45-b18) (build 1.7.0_45-b18)
# Java VM: Java HotSpot(TM) Client VM (24.45-b08 mixed mode, sharing windows-x86 )
# Problematic frame:
# C  [QtCore4.dll+0xe8206]
#
# Failed to write core dump. Minidumps are not enabled by default on client versions of Windows
#
# If you would like to submit a bug report, please visit:
#   http://bugreport.sun.com/bugreport/crash.jsp
# The crash happened outside the Java Virtual Machine in native code.
# See problematic frame for where to report the bug.
#

---------------  T H R E A D  ---------------

Current thread (0x006e4400):  JavaThread "main" [_thread_in_native, id=1836, stack(0x00110000,0x00160000)]

siginfo: ExceptionCode=0xc0000005, reading address 0x00000004

Registers:
EAX=0x0428c5e0, EBX=0x00000000, ECX=0x00000000, EDX=0x006e4bd8
ESP=0x0015c72c, EBP=0x04355ef8, ESI=0x006e4530, EDI=0x039e6a64
EIP=0x670e8206, EFLAGS=0x00010216

Top of Stack: (sp=0x0015c72c)
0x0015c72c:   1000e075 4a3e2734 04355ef8 0015c7e8
0x0015c73c:   04383488 00000000 0015c81c 0015c7e8
0x0015c74c:   00000000 006e4400 0015c79c 1001c7d2
0x0015c75c:   ffffffff 10017b36 006e4530 039e6a60
0x0015c76c:   04355ef8 4a3e2774 04275a78 0015c81c
0x0015c77c:   670f0100 00000103 043610c8 0436f9b8
0x0015c78c:   0436c8d0 00000200 00044600 00000103
0x0015c79c:   0015c800 1001d76a 00000003 1000ed8d 

Instructions: (pc=0x670e8206)
0x670e81e6:   c1 33 f1 c1 e8 02 89 72 10 24 01 5e c2 04 00 cc
0x670e81f6:   cc cc cc cc cc cc cc cc cc cc 8b 41 04 8b 48 24
0x670e8206:   8b 41 04 c3 cc cc cc cc cc cc 6a ff 68 38 9e 13
0x670e8216:   67 64 a1 00 00 00 00 50 83 ec 0c 56 57 a1 18 33 


Register to memory mapping:

EAX=0x0428c5e0 is an unknown value
EBX=0x00000000 is an unknown value
ECX=0x00000000 is an unknown value
EDX=0x006e4bd8 is an unknown value
ESP=0x0015c72c is pointing into the stack for thread: 0x006e4400
EBP=0x04355ef8 is an unknown value
ESI=0x006e4530 is an unknown value
EDI=0x039e6a64 is an unknown value


Stack: [0x00110000,0x00160000],  sp=0x0015c72c,  free space=305k
Native frames: (J=compiled Java code, j=interpreted, Vv=VM code, C=native code)
C  [QtCore4.dll+0xe8206]

Java frames: (J=compiled Java code, j=interpreted, Vv=VM code)
j  com.trolltech.qt.gui.QComboBox.__qt_itemData_int_int(JII)Ljava/lang/Object;+0
j  com.trolltech.qt.gui.QComboBox.itemData(II)Ljava/lang/Object;+53
j  com.trolltech.qt.gui.QComboBox.itemData(I)Ljava/lang/Object;+4
j  gui.WindowCampaign.missionChanged(I)V+5
v  ~StubRoutines::call_stub
j  sun.reflect.NativeMethodAccessorImpl.invoke0(Ljava/lang/reflect/Method;Ljava/lang/Object;[Ljava/lang/Object;)Ljava/lang/Object;+0
j  sun.reflect.NativeMethodAccessorImpl.invoke(Ljava/lang/Object;[Ljava/lang/Object;)Ljava/lang/Object;+87
j  sun.reflect.DelegatingMethodAccessorImpl.invoke(Ljava/lang/Object;[Ljava/lang/Object;)Ljava/lang/Object;+6
j  java.lang.reflect.Method.invoke(Ljava/lang/Object;[Ljava/lang/Object;)Ljava/lang/Object;+57
j  com.trolltech.qt.internal.QSignalEmitterInternal$AbstractSignalInternal.emit_helper([Ljava/lang/Object;)V+464
j  com.trolltech.qt.QSignalEmitter$Signal1.emit(Ljava/lang/Object;)V+9
v  ~StubRoutines::call_stub
j  com.trolltech.qt.gui.QApplication.exec()I+0
j  gui.Run.main([Ljava/lang/String;)V+47
v  ~StubRoutines::call_stub

---------------  P R O C E S S  ---------------

Java Threads: ( => current thread )
  0x007c1000 JavaThread "Thread-0" daemon [_thread_blocked, id=1940, stack(0x037f0000,0x03840000)]
  0x00785800 JavaThread "Service Thread" daemon [_thread_blocked, id=1532, stack(0x03750000,0x037a0000)]
  0x00776000 JavaThread "C1 CompilerThread0" daemon [_thread_blocked, id=876, stack(0x03850000,0x038a0000)]
  0x00774c00 JavaThread "Attach Listener" daemon [_thread_blocked, id=1692, stack(0x00620000,0x00670000)]
  0x00771800 JavaThread "Signal Dispatcher" daemon [_thread_blocked, id=916, stack(0x03620000,0x03670000)]
  0x0070bc00 JavaThread "Finalizer" daemon [_thread_blocked, id=272, stack(0x03700000,0x03750000)]
  0x00706800 JavaThread "Reference Handler" daemon [_thread_blocked, id=924, stack(0x00900000,0x00950000)]
=>0x006e4400 JavaThread "main" [_thread_in_native, id=1836, stack(0x00110000,0x00160000)]

Other Threads:
  0x00705000 VMThread [stack: 0x03680000,0x036d0000] [id=1396]
  0x0078e800 WatcherThread [stack: 0x037a0000,0x037f0000] [id=1336]

VM state:not at safepoint (normal execution)

VM Mutex/Monitor currently owned by a thread: None

Heap
 def new generation   total 4928K, used 1734K [0x235f0000, 0x23b40000, 0x28b40000)
  eden space 4416K,  27% used [0x235f0000, 0x23721b88, 0x23a40000)
  from space 512K,  99% used [0x23ac0000, 0x23b3ffc8, 0x23b40000)
  to   space 512K,   0% used [0x23a40000, 0x23a40000, 0x23ac0000)
 tenured generation   total 10944K, used 1772K [0x28b40000, 0x295f0000, 0x335f0000)
   the space 10944K,  16% used [0x28b40000, 0x28cfb200, 0x28cfb200, 0x295f0000)
 compacting perm gen  total 12288K, used 3482K [0x335f0000, 0x341f0000, 0x375f0000)
   the space 12288K,  28% used [0x335f0000, 0x33956878, 0x33956a00, 0x341f0000)
    ro space 10240K,  41% used [0x375f0000, 0x37a21a78, 0x37a21c00, 0x37ff0000)
    rw space 12288K,  52% used [0x37ff0000, 0x386362c0, 0x38636400, 0x38bf0000)

Card table byte_map: [0x007e0000,0x00890000] byte_map_base: 0x006c5080

Polling page: 0x00100000

Code Cache  [0x015a0000, 0x01668000, 0x035a0000)
 total_blobs=280 nmethods=126 adapters=91 free_code_cache=31983Kb largest_free_block=32751360

Compilation events (10 events):
Event: 94.282 Thread 0x00776000  121             java.lang.CharacterDataLatin1::toUpperCase (53 bytes)
Event: 94.282 Thread 0x00776000 nmethod 121 0x01662a48 code [0x01662b40, 0x01662c30]
Event: 94.296 Thread 0x00776000  122             java.lang.Class::checkInitted (19 bytes)
Event: 94.297 Thread 0x00776000 nmethod 122 0x01662d48 code [0x01662e50, 0x01662f2c]
Event: 94.298 Thread 0x00776000  123             java.lang.Class::checkMemberAccess (67 bytes)
Event: 94.298 Thread 0x00776000 nmethod 123 0x01662fc8 code [0x01663120, 0x0166332c]
Event: 95.292 Thread 0x00776000  125             java.net.URL::getFile (5 bytes)
Event: 95.292 Thread 0x00776000 nmethod 125 0x01663808 code [0x01663900, 0x01663980]
Event: 95.298 Thread 0x00776000  126             java.util.Arrays::copyOf (19 bytes)
Event: 95.298 Thread 0x00776000 nmethod 126 0x016639c8 code [0x01663ad0, 0x01663c3c]

GC Heap History (6 events):
Event: 0.845 GC heap before
{Heap before GC invocations=0 (full 0):
 def new generation   total 4928K, used 4416K [0x235f0000, 0x23b40000, 0x28b40000)
  eden space 4416K, 100% used [0x235f0000, 0x23a40000, 0x23a40000)
  from space 512K,   0% used [0x23a40000, 0x23a40000, 0x23ac0000)
  to   space 512K,   0% used [0x23ac0000, 0x23ac0000, 0x23b40000)
 tenured generation   total 10944K, used 0K [0x28b40000, 0x295f0000, 0x335f0000)
   the space 10944K,   0% used [0x28b40000, 0x28b40000, 0x28b40200, 0x295f0000)
 compacting perm gen  total 12288K, used 1858K [0x335f0000, 0x341f0000, 0x375f0000)
   the space 12288K,  15% used [0x335f0000, 0x337c0810, 0x337c0a00, 0x341f0000)
    ro space 10240K,  41% used [0x375f0000, 0x37a21a78, 0x37a21c00, 0x37ff0000)
    rw space 12288K,  52% used [0x37ff0000, 0x386362c0, 0x38636400, 0x38bf0000)
Event: 0.853 GC heap after
Heap after GC invocations=1 (full 0):
 def new generation   total 4928K, used 512K [0x235f0000, 0x23b40000, 0x28b40000)
  eden space 4416K,   0% used [0x235f0000, 0x235f0000, 0x23a40000)
  from space 512K, 100% used [0x23ac0000, 0x23b40000, 0x23b40000)
  to   space 512K,   0% used [0x23a40000, 0x23a40000, 0x23ac0000)
 tenured generation   total 10944K, used 714K [0x28b40000, 0x295f0000, 0x335f0000)
   the space 10944K,   6% used [0x28b40000, 0x28bf29b0, 0x28bf2a00, 0x295f0000)
 compacting perm gen  total 12288K, used 1858K [0x335f0000, 0x341f0000, 0x375f0000)
   the space 12288K,  15% used [0x335f0000, 0x337c0810, 0x337c0a00, 0x341f0000)
    ro space 10240K,  41% used [0x375f0000, 0x37a21a78, 0x37a21c00, 0x37ff0000)
    rw space 12288K,  52% used [0x37ff0000, 0x386362c0, 0x38636400, 0x38bf0000)
}
Event: 10.052 GC heap before
{Heap before GC invocations=1 (full 0):
 def new generation   total 4928K, used 4928K [0x235f0000, 0x23b40000, 0x28b40000)
  eden space 4416K, 100% used [0x235f0000, 0x23a40000, 0x23a40000)
  from space 512K, 100% used [0x23ac0000, 0x23b40000, 0x23b40000)
  to   space 512K,   0% used [0x23a40000, 0x23a40000, 0x23ac0000)
 tenured generation   total 10944K, used 714K [0x28b40000, 0x295f0000, 0x335f0000)
   the space 10944K,   6% used [0x28b40000, 0x28bf29b0, 0x28bf2a00, 0x295f0000)
 compacting perm gen  total 12288K, used 2848K [0x335f0000, 0x341f0000, 0x375f0000)
   the space 12288K,  23% used [0x335f0000, 0x338b8308, 0x338b8400, 0x341f0000)
    ro space 10240K,  41% used [0x375f0000, 0x37a21a78, 0x37a21c00, 0x37ff0000)
    rw space 12288K,  52% used [0x37ff0000, 0x386362c0, 0x38636400, 0x38bf0000)
Event: 10.060 GC heap after
Heap after GC invocations=2 (full 0):
 def new generation   total 4928K, used 512K [0x235f0000, 0x23b40000, 0x28b40000)
  eden space 4416K,   0% used [0x235f0000, 0x235f0000, 0x23a40000)
  from space 512K, 100% used [0x23a40000, 0x23ac0000, 0x23ac0000)
  to   space 512K,   0% used [0x23ac0000, 0x23ac0000, 0x23b40000)
 tenured generation   total 10944K, used 1486K [0x28b40000, 0x295f0000, 0x335f0000)
   the space 10944K,  13% used [0x28b40000, 0x28cb39d8, 0x28cb3a00, 0x295f0000)
 compacting perm gen  total 12288K, used 2848K [0x335f0000, 0x341f0000, 0x375f0000)
   the space 12288K,  23% used [0x335f0000, 0x338b8308, 0x338b8400, 0x341f0000)
    ro space 10240K,  41% used [0x375f0000, 0x37a21a78, 0x37a21c00, 0x37ff0000)
    rw space 12288K,  52% used [0x37ff0000, 0x386362c0, 0x38636400, 0x38bf0000)
}
Event: 95.306 GC heap before
{Heap before GC invocations=2 (full 0):
 def new generation   total 4928K, used 4928K [0x235f0000, 0x23b40000, 0x28b40000)
  eden space 4416K, 100% used [0x235f0000, 0x23a40000, 0x23a40000)
  from space 512K, 100% used [0x23a40000, 0x23ac0000, 0x23ac0000)
  to   space 512K,   0% used [0x23ac0000, 0x23ac0000, 0x23b40000)
 tenured generation   total 10944K, used 1486K [0x28b40000, 0x295f0000, 0x335f0000)
   the space 10944K,  13% used [0x28b40000, 0x28cb39d8, 0x28cb3a00, 0x295f0000)
 compacting perm gen  total 12288K, used 3326K [0x335f0000, 0x341f0000, 0x375f0000)
   the space 12288K,  27% used [0x335f0000, 0x3392f9a8, 0x3392fa00, 0x341f0000)
    ro space 10240K,  41% used [0x375f0000, 0x37a21a78, 0x37a21c00, 0x37ff0000)
    rw space 12288K,  52% used [0x37ff0000, 0x386362c0, 0x38636400, 0x38bf0000)
Event: 95.311 GC heap after
Heap after GC invocations=3 (full 0):
 def new generation   total 4928K, used 511K [0x235f0000, 0x23b40000, 0x28b40000)
  eden space 4416K,   0% used [0x235f0000, 0x235f0000, 0x23a40000)
  from space 512K,  99% used [0x23ac0000, 0x23b3ffc8, 0x23b40000)
  to   space 512K,   0% used [0x23a40000, 0x23a40000, 0x23ac0000)
 tenured generation   total 10944K, used 1772K [0x28b40000, 0x295f0000, 0x335f0000)
   the space 10944K,  16% used [0x28b40000, 0x28cfb200, 0x28cfb200, 0x295f0000)
 compacting perm gen  total 12288K, used 3326K [0x335f0000, 0x341f0000, 0x375f0000)
   the space 12288K,  27% used [0x335f0000, 0x3392f9a8, 0x3392fa00, 0x341f0000)
    ro space 10240K,  41% used [0x375f0000, 0x37a21a78, 0x37a21c00, 0x37ff0000)
    rw space 12288K,  52% used [0x37ff0000, 0x386362c0, 0x38636400, 0x38bf0000)
}

Deoptimization events (0 events):
No events

Internal exceptions (10 events):
Event: 95.575 Thread 0x006e4400 Threw 0x23690898 at C:\re\jdk7u45\229\hotspot\src\share\vm\prims\jvm.cpp:1244
Event: 95.576 Thread 0x006e4400 Threw 0x236939d0 at C:\re\jdk7u45\229\hotspot\src\share\vm\prims\jvm.cpp:1244
Event: 95.576 Thread 0x006e4400 Threw 0x23696920 at C:\re\jdk7u45\229\hotspot\src\share\vm\prims\jvm.cpp:1244
Event: 95.577 Thread 0x006e4400 Threw 0x236998e0 at C:\re\jdk7u45\229\hotspot\src\share\vm\prims\jvm.cpp:1244
Event: 95.577 Thread 0x006e4400 Threw 0x2369c710 at C:\re\jdk7u45\229\hotspot\src\share\vm\prims\jvm.cpp:1244
Event: 95.578 Thread 0x006e4400 Threw 0x2369f668 at C:\re\jdk7u45\229\hotspot\src\share\vm\prims\jvm.cpp:1244
Event: 95.578 Thread 0x006e4400 Threw 0x236a23b0 at C:\re\jdk7u45\229\hotspot\src\share\vm\prims\jvm.cpp:1244
Event: 95.579 Thread 0x006e4400 Threw 0x236a50f8 at C:\re\jdk7u45\229\hotspot\src\share\vm\prims\jvm.cpp:1244
Event: 95.579 Thread 0x006e4400 Threw 0x236a82b8 at C:\re\jdk7u45\229\hotspot\src\share\vm\prims\jvm.cpp:1244
Event: 95.580 Thread 0x006e4400 Threw 0x236ad530 at C:\re\jdk7u45\229\hotspot\src\share\vm\runtime\sharedRuntime.cpp:591

Events (10 events):
Event: 95.577 loading class 0x0392f7a0
Event: 95.577 loading class 0x0392f7a0 done
Event: 95.578 loading class 0x039a7250
Event: 95.578 loading class 0x039a7250 done
Event: 95.578 loading class 0x039b0d18
Event: 95.578 loading class 0x039b0d18 done
Event: 95.579 loading class 0x039e2b80
Event: 95.579 loading class 0x039e2b80 done
Event: 95.579 loading class 0x039e2bb8
Event: 95.579 loading class 0x039e2bb8 done


Dynamic libraries:
0x00970000 - 0x0099f000 	C:\Program Files\Java\jre7\bin\javaw.exe
0x76e50000 - 0x76f8c000 	C:\Windows\SYSTEM32\ntdll.dll
0x75d30000 - 0x75e04000 	C:\Windows\system32\kernel32.dll
0x75210000 - 0x7525a000 	C:\Windows\system32\KERNELBASE.dll
0x75670000 - 0x75710000 	C:\Windows\system32\ADVAPI32.dll
0x75c80000 - 0x75d2c000 	C:\Windows\system32\msvcrt.dll
0x75a70000 - 0x75a89000 	C:\Windows\SYSTEM32\sechost.dll
0x75b60000 - 0x75c01000 	C:\Windows\system32\RPCRT4.dll
0x753a0000 - 0x75469000 	C:\Windows\system32\USER32.dll
0x76fd0000 - 0x7701e000 	C:\Windows\system32\GDI32.dll
0x76f90000 - 0x76f9a000 	C:\Windows\system32\LPK.dll
0x75890000 - 0x7592d000 	C:\Windows\system32\USP10.dll
0x73fa0000 - 0x7413e000 	C:\Windows\WinSxS\x86_microsoft.windows.common-controls_6595b64144ccf1df_6.0.7600.16400_none_4209f94e2b866170\COMCTL32.dll
0x75c20000 - 0x75c77000 	C:\Windows\system32\SHLWAPI.dll
0x75710000 - 0x7572f000 	C:\Windows\system32\IMM32.DLL
0x75a90000 - 0x75b5c000 	C:\Windows\system32\MSCTF.dll
0x72060000 - 0x7211f000 	C:\Program Files\Java\jre7\bin\msvcr100.dll
0x71a30000 - 0x71db0000 	C:\Program Files\Java\jre7\bin\client\jvm.dll
0x72120000 - 0x72127000 	C:\Windows\system32\WSOCK32.dll
0x75980000 - 0x759b5000 	C:\Windows\system32\WS2_32.dll
0x759d0000 - 0x759d6000 	C:\Windows\system32\NSI.dll
0x6f950000 - 0x6f982000 	C:\Windows\system32\WINMM.dll
0x759c0000 - 0x759c5000 	C:\Windows\system32\PSAPI.DLL
0x72050000 - 0x7205c000 	C:\Program Files\Java\jre7\bin\verify.dll
0x72030000 - 0x72050000 	C:\Program Files\Java\jre7\bin\java.dll
0x72010000 - 0x72023000 	C:\Program Files\Java\jre7\bin\zip.dll
0x67000000 - 0x67225000 	C:\Users\Developer\AppData\Local\Temp\QtJambi_Developer_x86_4.7.1_msvc2008-20101128-1649\lib\QtCore4.dll
0x75730000 - 0x7588c000 	C:\Windows\system32\ole32.dll
0x6f9a0000 - 0x6fa2e000 	C:\Windows\WinSxS\x86_microsoft.vc90.crt_1fc8b3b9a1e18e3b_9.0.30729.4926_none_508ed732bcbc0e5a\MSVCP90.dll
0x731c0000 - 0x73263000 	C:\Windows\WinSxS\x86_microsoft.vc90.crt_1fc8b3b9a1e18e3b_9.0.30729.4926_none_508ed732bcbc0e5a\MSVCR90.dll
0x10000000 - 0x10033000 	C:\Users\Developer\AppData\Local\Temp\QtJambi_Developer_x86_4.7.1_msvc2008-20101128-1649\lib\qtjambi.dll
0x03aa0000 - 0x03b84000 	C:\Users\Developer\AppData\Local\Temp\QtJambi_Developer_x86_4.7.1_msvc2008-20101128-1649\lib\com_trolltech_qt_core.dll
0x65000000 - 0x657aa000 	C:\Users\Developer\AppData\Local\Temp\QtJambi_Developer_x86_4.7.1_msvc2008-20101128-1649\lib\QtGui4.dll
0x75320000 - 0x7539b000 	C:\Windows\system32\COMDLG32.dll
0x75f50000 - 0x76baf000 	C:\Windows\system32\SHELL32.dll
0x759e0000 - 0x75a6f000 	C:\Windows\system32\OLEAUT32.dll
0x6fc80000 - 0x6fcd1000 	C:\Windows\system32\WINSPOOL.DRV
0x03d60000 - 0x0424f000 	C:\Users\Developer\AppData\Local\Temp\QtJambi_Developer_x86_4.7.1_msvc2008-20101128-1649\lib\com_trolltech_qt_gui.dll
0x73e20000 - 0x73e60000 	C:\Windows\system32\uxtheme.dll
0x73af0000 - 0x73b03000 	C:\Windows\system32\dwmapi.dll
0x74ec0000 - 0x74ecc000 	C:\Windows\system32\CRYPTBASE.dll
0x00890000 - 0x0089a000 	C:\Users\DEVELO~1\AppData\Local\Temp\QtJambi_Developer_x86_4.7.1_msvc2008-20101128-1649\plugins\imageformats\qgif4.dll
0x008b0000 - 0x008e3000 	C:\Users\DEVELO~1\AppData\Local\Temp\QtJambi_Developer_x86_4.7.1_msvc2008-20101128-1649\plugins\imageformats\qjpeg4.dll
0x035a0000 - 0x035da000 	C:\Users\DEVELO~1\AppData\Local\Temp\QtJambi_Developer_x86_4.7.1_msvc2008-20101128-1649\plugins\imageformats\qmng4.dll
0x04450000 - 0x04498000 	C:\Users\DEVELO~1\AppData\Local\Temp\QtJambi_Developer_x86_4.7.1_msvc2008-20101128-1649\plugins\imageformats\qtiff4.dll
0x6ea50000 - 0x6ead4000 	C:\Windows\WinSxS\x86_microsoft.windows.common-controls_6595b64144ccf1df_5.82.7600.16400_none_ebf9dccf6c73e561\comctl32.dll
0x74a40000 - 0x74a56000 	C:\Windows\system32\CRYPTSP.dll
0x747e0000 - 0x7481b000 	C:\Windows\system32\rsaenh.dll
0x74f80000 - 0x74f8e000 	C:\Windows\system32\RpcRtRemote.dll
0x6dfb0000 - 0x6e09b000 	C:\Windows\system32\dbghelp.dll

VM Arguments:
jvm_args: -Dfile.encoding=UTF-8 
java_command: gui.Run
Launcher Type: SUN_STANDARD

Environment Variables:
PATH=C:/Program Files/Java/jre7/bin/client;C:/Program Files/Java/jre7/bin;C:/Program Files/Java/jre7/lib/i386;C:\Windows\system32;C:\Windows;C:\Windows\System32\Wbem;C:\Windows\System32\WindowsPowerShell\v1.0\;C:\Users\Developer\Desktop\eclipse;
USERNAME=Developer
OS=Windows_NT
PROCESSOR_IDENTIFIER=x86 Family 6 Model 23 Stepping 6, GenuineIntel



---------------  S Y S T E M  ---------------

OS: Windows 7 Build 7600 

CPU:total 1 (2 cores per cpu, 1 threads per core) family 6 model 23 stepping 6, cmov, cx8, fxsr, mmx, sse, sse2, sse3, ssse3, sse4.1, tsc

Memory: 4k page, physical 1048120k(509944k free), swap 2096696k(1411048k free)

vm_info: Java HotSpot(TM) Client VM (24.45-b08) for windows-x86 JRE (1.7.0_45-b18), built on Oct  8 2013 06:02:43 by "java_re" with unknown MS VC++:1600

time: Sat Jan 25 23:53:46 2014
elapsed time: 97 seconds

