#
# A fatal error has been detected by the Java Runtime Environment:
#
#  EXCEPTION_ACCESS_VIOLATION (0xc0000005) at pc=0x670e8d13, pid=1624, tid=356
#
# JRE version: Java(TM) SE Runtime Environment (7.0_45-b18) (build 1.7.0_45-b18)
# Java VM: Java HotSpot(TM) Client VM (24.45-b08 mixed mode, sharing windows-x86 )
# Problematic frame:
# C  [QtCore4.dll+0xe8d13]
#
# Failed to write core dump. Minidumps are not enabled by default on client versions of Windows
#
# If you would like to submit a bug report, please visit:
#   http://bugreport.sun.com/bugreport/crash.jsp
# The crash happened outside the Java Virtual Machine in native code.
# See problematic frame for where to report the bug.
#

---------------  T H R E A D  ---------------

Current thread (0x00534400):  JavaThread "main" [_thread_in_native, id=356, stack(0x00700000,0x00750000)]

siginfo: ExceptionCode=0xc0000005, reading address 0x00000020

Registers:
EAX=0x00000000, EBX=0x00000000, ECX=0x00000000, EDX=0x00000000
ESP=0x0074c7dc, EBP=0x044f6030, ESI=0x044f4178, EDI=0x0074c89c
EIP=0x670e8d13, EFLAGS=0x00010212

Top of Stack: (sp=0x0074c7dc)
0x0074c7dc:   100118ab 00000000 0074c868 10017a56
0x0074c7ec:   044f4178 0099f50c 04415c98 0074c89c
0x0074c7fc:   670f0100 00000103 044760f0 04507db0
0x0074c80c:   044f6030 00000200 00044600 00000103
0x0074c81c:   0074c880 1001d76a 00000001 1000ed8d
0x0074c82c:   10021a00 00000000 0074c854 0074c85c
0x0074c83c:   00000000 0099fabc 00534400 338703b8
0x0074c84c:   0074c8ec 338703b8 04507d50 044f6030 

Instructions: (pc=0x670e8d13)
0x670e8cf3:   5f 5e 5d c7 00 00 00 00 00 c7 40 08 00 00 00 80
0x670e8d03:   5b 83 c4 18 c2 08 00 cc cc cc cc cc cc 8b 49 04
0x670e8d13:   8b 41 20 85 c0 74 12 8b 00 8b 4c 24 04 3b 48 08
0x670e8d23:   7d 07 8b 44 88 10 c2 04 00 33 c0 c2 04 00 cc cc 


Register to memory mapping:

EAX=0x00000000 is an unknown value
EBX=0x00000000 is an unknown value
ECX=0x00000000 is an unknown value
EDX=0x00000000 is an unknown value
ESP=0x0074c7dc is pointing into the stack for thread: 0x00534400
EBP=0x044f6030 is an unknown value
ESI=0x044f4178 is an unknown value
EDI=0x0074c89c is pointing into the stack for thread: 0x00534400


Stack: [0x00700000,0x00750000],  sp=0x0074c7dc,  free space=305k
Native frames: (J=compiled Java code, j=interpreted, Vv=VM code, C=native code)
C  [QtCore4.dll+0xe8d13]

Java frames: (J=compiled Java code, j=interpreted, Vv=VM code)
j  com.trolltech.qt.gui.QComboBox.__qt_itemData_int_int(JII)Ljava/lang/Object;+0
j  com.trolltech.qt.gui.QComboBox.itemData(II)Ljava/lang/Object;+53
j  com.trolltech.qt.gui.QComboBox.itemData(I)Ljava/lang/Object;+4
j  gui.WindowCampaign.missionChanged(I)V+5
v  ~StubRoutines::call_stub
j  sun.reflect.NativeMethodAccessorImpl.invoke0(Ljava/lang/reflect/Method;Ljava/lang/Object;[Ljava/lang/Object;)Ljava/lang/Object;+0
j  sun.reflect.NativeMethodAccessorImpl.invoke(Ljava/lang/Object;[Ljava/lang/Object;)Ljava/lang/Object;+87
j  sun.reflect.DelegatingMethodAccessorImpl.invoke(Ljava/lang/Object;[Ljava/lang/Object;)Ljava/lang/Object;+6
j  java.lang.reflect.Method.invoke(Ljava/lang/Object;[Ljava/lang/Object;)Ljava/lang/Object;+57
j  com.trolltech.qt.internal.QSignalEmitterInternal$AbstractSignalInternal.emit_helper([Ljava/lang/Object;)V+464
j  com.trolltech.qt.QSignalEmitter$Signal1.emit(Ljava/lang/Object;)V+9
v  ~StubRoutines::call_stub
j  com.trolltech.qt.gui.QApplication.exec()I+0
j  gui.Run.main([Ljava/lang/String;)V+47
v  ~StubRoutines::call_stub

---------------  P R O C E S S  ---------------

Java Threads: ( => current thread )
  0x0061d000 JavaThread "Thread-0" daemon [_thread_blocked, id=1392, stack(0x03cb0000,0x03d00000)]
  0x005d5800 JavaThread "Service Thread" daemon [_thread_blocked, id=1856, stack(0x035c0000,0x03610000)]
  0x005c6000 JavaThread "C1 CompilerThread0" daemon [_thread_blocked, id=632, stack(0x03610000,0x03660000)]
  0x005c4c00 JavaThread "Attach Listener" daemon [_thread_blocked, id=248, stack(0x03880000,0x038d0000)]
  0x005c1800 JavaThread "Signal Dispatcher" daemon [_thread_blocked, id=1788, stack(0x03760000,0x037b0000)]
  0x0055bc00 JavaThread "Finalizer" daemon [_thread_blocked, id=880, stack(0x036f0000,0x03740000)]
  0x00556800 JavaThread "Reference Handler" daemon [_thread_blocked, id=808, stack(0x008a0000,0x008f0000)]
=>0x00534400 JavaThread "main" [_thread_in_native, id=356, stack(0x00700000,0x00750000)]

Other Threads:
  0x00555000 VMThread [stack: 0x036a0000,0x036f0000] [id=492]
  0x005de800 WatcherThread [stack: 0x03810000,0x03860000] [id=1284]

VM state:not at safepoint (normal execution)

VM Mutex/Monitor currently owned by a thread: None

Heap
 def new generation   total 4928K, used 1080K [0x235f0000, 0x23b40000, 0x28b40000)
  eden space 4416K,  12% used [0x235f0000, 0x2367e400, 0x23a40000)
  from space 512K,  99% used [0x23ac0000, 0x23b3fff8, 0x23b40000)
  to   space 512K,   0% used [0x23a40000, 0x23a40000, 0x23ac0000)
 tenured generation   total 10944K, used 1966K [0x28b40000, 0x295f0000, 0x335f0000)
   the space 10944K,  17% used [0x28b40000, 0x28d2b980, 0x28d2ba00, 0x295f0000)
 compacting perm gen  total 12288K, used 3482K [0x335f0000, 0x341f0000, 0x375f0000)
   the space 12288K,  28% used [0x335f0000, 0x33956a78, 0x33956c00, 0x341f0000)
    ro space 10240K,  41% used [0x375f0000, 0x37a21a78, 0x37a21c00, 0x37ff0000)
    rw space 12288K,  52% used [0x37ff0000, 0x386362c0, 0x38636400, 0x38bf0000)

Card table byte_map: [0x00750000,0x00800000] byte_map_base: 0x00635080

Polling page: 0x00100000

Code Cache  [0x015a0000, 0x01668000, 0x035a0000)
 total_blobs=282 nmethods=128 adapters=91 free_code_cache=31982Kb largest_free_block=32749824

Compilation events (10 events):
Event: 3.066 Thread 0x005c6000  123             java.util.Arrays::copyOf (19 bytes)
Event: 3.066 Thread 0x005c6000 nmethod 123 0x01662f08 code [0x01663010, 0x0166317c]
Event: 3.076 Thread 0x005c6000  124             java.lang.String::indexOf (7 bytes)
Event: 3.077 Thread 0x005c6000 nmethod 124 0x01663248 code [0x01663350, 0x0166341c]
Event: 3.080 Thread 0x005c6000  125             java.lang.Class::checkInitted (19 bytes)
Event: 3.080 Thread 0x005c6000 nmethod 125 0x01663548 code [0x01663650, 0x0166372c]
Event: 3.082 Thread 0x005c6000  126             java.lang.Class::checkMemberAccess (67 bytes)
Event: 3.083 Thread 0x005c6000 nmethod 126 0x016637c8 code [0x01663920, 0x01663b2c]
Event: 3.346 Thread 0x005c6000  127             java.lang.String::equalsIgnoreCase (48 bytes)
Event: 3.346 Thread 0x005c6000 nmethod 127 0x01664188 code [0x01664290, 0x0166439c]

GC Heap History (6 events):
Event: 0.953 GC heap before
{Heap before GC invocations=0 (full 0):
 def new generation   total 4928K, used 4416K [0x235f0000, 0x23b40000, 0x28b40000)
  eden space 4416K, 100% used [0x235f0000, 0x23a40000, 0x23a40000)
  from space 512K,   0% used [0x23a40000, 0x23a40000, 0x23ac0000)
  to   space 512K,   0% used [0x23ac0000, 0x23ac0000, 0x23b40000)
 tenured generation   total 10944K, used 0K [0x28b40000, 0x295f0000, 0x335f0000)
   the space 10944K,   0% used [0x28b40000, 0x28b40000, 0x28b40200, 0x295f0000)
 compacting perm gen  total 12288K, used 1858K [0x335f0000, 0x341f0000, 0x375f0000)
   the space 12288K,  15% used [0x335f0000, 0x337c0868, 0x337c0a00, 0x341f0000)
    ro space 10240K,  41% used [0x375f0000, 0x37a21a78, 0x37a21c00, 0x37ff0000)
    rw space 12288K,  52% used [0x37ff0000, 0x386362c0, 0x38636400, 0x38bf0000)
Event: 0.961 GC heap after
Heap after GC invocations=1 (full 0):
 def new generation   total 4928K, used 512K [0x235f0000, 0x23b40000, 0x28b40000)
  eden space 4416K,   0% used [0x235f0000, 0x235f0000, 0x23a40000)
  from space 512K, 100% used [0x23ac0000, 0x23b40000, 0x23b40000)
  to   space 512K,   0% used [0x23a40000, 0x23a40000, 0x23ac0000)
 tenured generation   total 10944K, used 714K [0x28b40000, 0x295f0000, 0x335f0000)
   the space 10944K,   6% used [0x28b40000, 0x28bf29b0, 0x28bf2a00, 0x295f0000)
 compacting perm gen  total 12288K, used 1858K [0x335f0000, 0x341f0000, 0x375f0000)
   the space 12288K,  15% used [0x335f0000, 0x337c0868, 0x337c0a00, 0x341f0000)
    ro space 10240K,  41% used [0x375f0000, 0x37a21a78, 0x37a21c00, 0x37ff0000)
    rw space 12288K,  52% used [0x37ff0000, 0x386362c0, 0x38636400, 0x38bf0000)
}
Event: 2.271 GC heap before
{Heap before GC invocations=1 (full 0):
 def new generation   total 4928K, used 4928K [0x235f0000, 0x23b40000, 0x28b40000)
  eden space 4416K, 100% used [0x235f0000, 0x23a40000, 0x23a40000)
  from space 512K, 100% used [0x23ac0000, 0x23b40000, 0x23b40000)
  to   space 512K,   0% used [0x23a40000, 0x23a40000, 0x23ac0000)
 tenured generation   total 10944K, used 714K [0x28b40000, 0x295f0000, 0x335f0000)
   the space 10944K,   6% used [0x28b40000, 0x28bf29b0, 0x28bf2a00, 0x295f0000)
 compacting perm gen  total 12288K, used 2842K [0x335f0000, 0x341f0000, 0x375f0000)
   the space 12288K,  23% used [0x335f0000, 0x338b6830, 0x338b6a00, 0x341f0000)
    ro space 10240K,  41% used [0x375f0000, 0x37a21a78, 0x37a21c00, 0x37ff0000)
    rw space 12288K,  52% used [0x37ff0000, 0x386362c0, 0x38636400, 0x38bf0000)
Event: 2.279 GC heap after
Heap after GC invocations=2 (full 0):
 def new generation   total 4928K, used 512K [0x235f0000, 0x23b40000, 0x28b40000)
  eden space 4416K,   0% used [0x235f0000, 0x235f0000, 0x23a40000)
  from space 512K, 100% used [0x23a40000, 0x23ac0000, 0x23ac0000)
  to   space 512K,   0% used [0x23ac0000, 0x23ac0000, 0x23b40000)
 tenured generation   total 10944K, used 1485K [0x28b40000, 0x295f0000, 0x335f0000)
   the space 10944K,  13% used [0x28b40000, 0x28cb3760, 0x28cb3800, 0x295f0000)
 compacting perm gen  total 12288K, used 2842K [0x335f0000, 0x341f0000, 0x375f0000)
   the space 12288K,  23% used [0x335f0000, 0x338b6830, 0x338b6a00, 0x341f0000)
    ro space 10240K,  41% used [0x375f0000, 0x37a21a78, 0x37a21c00, 0x37ff0000)
    rw space 12288K,  52% used [0x37ff0000, 0x386362c0, 0x38636400, 0x38bf0000)
}
Event: 3.347 GC heap before
{Heap before GC invocations=2 (full 0):
 def new generation   total 4928K, used 4928K [0x235f0000, 0x23b40000, 0x28b40000)
  eden space 4416K, 100% used [0x235f0000, 0x23a40000, 0x23a40000)
  from space 512K, 100% used [0x23a40000, 0x23ac0000, 0x23ac0000)
  to   space 512K,   0% used [0x23ac0000, 0x23ac0000, 0x23b40000)
 tenured generation   total 10944K, used 1485K [0x28b40000, 0x295f0000, 0x335f0000)
   the space 10944K,  13% used [0x28b40000, 0x28cb3760, 0x28cb3800, 0x295f0000)
 compacting perm gen  total 12288K, used 3468K [0x335f0000, 0x341f0000, 0x375f0000)
   the space 12288K,  28% used [0x335f0000, 0x339533a0, 0x33953400, 0x341f0000)
    ro space 10240K,  41% used [0x375f0000, 0x37a21a78, 0x37a21c00, 0x37ff0000)
    rw space 12288K,  52% used [0x37ff0000, 0x386362c0, 0x38636400, 0x38bf0000)
Event: 3.355 GC heap after
Heap after GC invocations=3 (full 0):
 def new generation   total 4928K, used 511K [0x235f0000, 0x23b40000, 0x28b40000)
  eden space 4416K,   0% used [0x235f0000, 0x235f0000, 0x23a40000)
  from space 512K,  99% used [0x23ac0000, 0x23b3fff8, 0x23b40000)
  to   space 512K,   0% used [0x23a40000, 0x23a40000, 0x23ac0000)
 tenured generation   total 10944K, used 1966K [0x28b40000, 0x295f0000, 0x335f0000)
   the space 10944K,  17% used [0x28b40000, 0x28d2b980, 0x28d2ba00, 0x295f0000)
 compacting perm gen  total 12288K, used 3468K [0x335f0000, 0x341f0000, 0x375f0000)
   the space 12288K,  28% used [0x335f0000, 0x339533a0, 0x33953400, 0x341f0000)
    ro space 10240K,  41% used [0x375f0000, 0x37a21a78, 0x37a21c00, 0x37ff0000)
    rw space 12288K,  52% used [0x37ff0000, 0x386362c0, 0x38636400, 0x38bf0000)
}

Deoptimization events (0 events):
No events

Internal exceptions (10 events):
Event: 3.344 Thread 0x00534400 Threw 0x23a30708 at C:\re\jdk7u45\229\hotspot\src\share\vm\prims\jvm.cpp:1244
Event: 3.345 Thread 0x00534400 Threw 0x23a3bcc0 at C:\re\jdk7u45\229\hotspot\src\share\vm\prims\jvm.cpp:1244
Event: 3.347 Thread 0x00534400 Threw 0x23a3ec10 at C:\re\jdk7u45\229\hotspot\src\share\vm\prims\jvm.cpp:1244
Event: 3.357 Thread 0x00534400 Threw 0x235f1bf0 at C:\re\jdk7u45\229\hotspot\src\share\vm\prims\jvm.cpp:1244
Event: 3.359 Thread 0x00534400 Threw 0x235f4a20 at C:\re\jdk7u45\229\hotspot\src\share\vm\prims\jvm.cpp:1244
Event: 3.359 Thread 0x00534400 Threw 0x235f7978 at C:\re\jdk7u45\229\hotspot\src\share\vm\prims\jvm.cpp:1244
Event: 3.361 Thread 0x00534400 Threw 0x235fa6c0 at C:\re\jdk7u45\229\hotspot\src\share\vm\prims\jvm.cpp:1244
Event: 3.362 Thread 0x00534400 Threw 0x235fd408 at C:\re\jdk7u45\229\hotspot\src\share\vm\prims\jvm.cpp:1244
Event: 3.363 Thread 0x00534400 Threw 0x23600590 at C:\re\jdk7u45\229\hotspot\src\share\vm\prims\jvm.cpp:1244
Event: 3.364 Thread 0x00534400 Threw 0x23605828 at C:\re\jdk7u45\229\hotspot\src\share\vm\runtime\sharedRuntime.cpp:591

Events (10 events):
Event: 3.358 loading class 0x03a67708
Event: 3.358 loading class 0x03a67708 done
Event: 3.359 loading class 0x039d5858
Event: 3.359 loading class 0x039d5858 done
Event: 3.361 loading class 0x039fe388
Event: 3.361 loading class 0x039fe388 done
Event: 3.362 loading class 0x03a306f8
Event: 3.362 loading class 0x03a306f8 done
Event: 3.363 loading class 0x03a30730
Event: 3.363 loading class 0x03a30730 done


Dynamic libraries:
0x00970000 - 0x0099f000 	C:\Program Files\Java\jre7\bin\javaw.exe
0x76e50000 - 0x76f8c000 	C:\Windows\SYSTEM32\ntdll.dll
0x75d30000 - 0x75e04000 	C:\Windows\system32\kernel32.dll
0x75210000 - 0x7525a000 	C:\Windows\system32\KERNELBASE.dll
0x75670000 - 0x75710000 	C:\Windows\system32\ADVAPI32.dll
0x75c80000 - 0x75d2c000 	C:\Windows\system32\msvcrt.dll
0x75a70000 - 0x75a89000 	C:\Windows\SYSTEM32\sechost.dll
0x75b60000 - 0x75c01000 	C:\Windows\system32\RPCRT4.dll
0x753a0000 - 0x75469000 	C:\Windows\system32\USER32.dll
0x76fd0000 - 0x7701e000 	C:\Windows\system32\GDI32.dll
0x76f90000 - 0x76f9a000 	C:\Windows\system32\LPK.dll
0x75890000 - 0x7592d000 	C:\Windows\system32\USP10.dll
0x73fa0000 - 0x7413e000 	C:\Windows\WinSxS\x86_microsoft.windows.common-controls_6595b64144ccf1df_6.0.7600.16400_none_4209f94e2b866170\COMCTL32.dll
0x75c20000 - 0x75c77000 	C:\Windows\system32\SHLWAPI.dll
0x75710000 - 0x7572f000 	C:\Windows\system32\IMM32.DLL
0x75a90000 - 0x75b5c000 	C:\Windows\system32\MSCTF.dll
0x72060000 - 0x7211f000 	C:\Program Files\Java\jre7\bin\msvcr100.dll
0x71a30000 - 0x71db0000 	C:\Program Files\Java\jre7\bin\client\jvm.dll
0x72120000 - 0x72127000 	C:\Windows\system32\WSOCK32.dll
0x75980000 - 0x759b5000 	C:\Windows\system32\WS2_32.dll
0x759d0000 - 0x759d6000 	C:\Windows\system32\NSI.dll
0x6f950000 - 0x6f982000 	C:\Windows\system32\WINMM.dll
0x759c0000 - 0x759c5000 	C:\Windows\system32\PSAPI.DLL
0x72050000 - 0x7205c000 	C:\Program Files\Java\jre7\bin\verify.dll
0x72030000 - 0x72050000 	C:\Program Files\Java\jre7\bin\java.dll
0x72010000 - 0x72023000 	C:\Program Files\Java\jre7\bin\zip.dll
0x67000000 - 0x67225000 	C:\Users\Developer\AppData\Local\Temp\QtJambi_Developer_x86_4.7.1_msvc2008-20101128-1649\lib\QtCore4.dll
0x75730000 - 0x7588c000 	C:\Windows\system32\ole32.dll
0x6f9a0000 - 0x6fa2e000 	C:\Windows\WinSxS\x86_microsoft.vc90.crt_1fc8b3b9a1e18e3b_9.0.30729.4926_none_508ed732bcbc0e5a\MSVCP90.dll
0x731c0000 - 0x73263000 	C:\Windows\WinSxS\x86_microsoft.vc90.crt_1fc8b3b9a1e18e3b_9.0.30729.4926_none_508ed732bcbc0e5a\MSVCR90.dll
0x10000000 - 0x10033000 	C:\Users\Developer\AppData\Local\Temp\QtJambi_Developer_x86_4.7.1_msvc2008-20101128-1649\lib\qtjambi.dll
0x03ad0000 - 0x03bb4000 	C:\Users\Developer\AppData\Local\Temp\QtJambi_Developer_x86_4.7.1_msvc2008-20101128-1649\lib\com_trolltech_qt_core.dll
0x65000000 - 0x657aa000 	C:\Users\Developer\AppData\Local\Temp\QtJambi_Developer_x86_4.7.1_msvc2008-20101128-1649\lib\QtGui4.dll
0x75320000 - 0x7539b000 	C:\Windows\system32\COMDLG32.dll
0x75f50000 - 0x76baf000 	C:\Windows\system32\SHELL32.dll
0x759e0000 - 0x75a6f000 	C:\Windows\system32\OLEAUT32.dll
0x6fc80000 - 0x6fcd1000 	C:\Windows\system32\WINSPOOL.DRV
0x03f00000 - 0x043ef000 	C:\Users\Developer\AppData\Local\Temp\QtJambi_Developer_x86_4.7.1_msvc2008-20101128-1649\lib\com_trolltech_qt_gui.dll
0x73e20000 - 0x73e60000 	C:\Windows\system32\uxtheme.dll
0x73af0000 - 0x73b03000 	C:\Windows\system32\dwmapi.dll
0x74ec0000 - 0x74ecc000 	C:\Windows\system32\CRYPTBASE.dll
0x006d0000 - 0x006da000 	C:\Users\DEVELO~1\AppData\Local\Temp\QtJambi_Developer_x86_4.7.1_msvc2008-20101128-1649\plugins\imageformats\qgif4.dll
0x00860000 - 0x00893000 	C:\Users\DEVELO~1\AppData\Local\Temp\QtJambi_Developer_x86_4.7.1_msvc2008-20101128-1649\plugins\imageformats\qjpeg4.dll
0x008f0000 - 0x0092a000 	C:\Users\DEVELO~1\AppData\Local\Temp\QtJambi_Developer_x86_4.7.1_msvc2008-20101128-1649\plugins\imageformats\qmng4.dll
0x037b0000 - 0x037f8000 	C:\Users\DEVELO~1\AppData\Local\Temp\QtJambi_Developer_x86_4.7.1_msvc2008-20101128-1649\plugins\imageformats\qtiff4.dll
0x6ea50000 - 0x6ead4000 	C:\Windows\WinSxS\x86_microsoft.windows.common-controls_6595b64144ccf1df_5.82.7600.16400_none_ebf9dccf6c73e561\comctl32.dll
0x74a40000 - 0x74a56000 	C:\Windows\system32\CRYPTSP.dll
0x747e0000 - 0x7481b000 	C:\Windows\system32\rsaenh.dll
0x74f80000 - 0x74f8e000 	C:\Windows\system32\RpcRtRemote.dll
0x6dec0000 - 0x6dfab000 	C:\Windows\system32\dbghelp.dll

VM Arguments:
jvm_args: -Dfile.encoding=UTF-8 
java_command: gui.Run
Launcher Type: SUN_STANDARD

Environment Variables:
PATH=C:/Program Files/Java/jre7/bin/client;C:/Program Files/Java/jre7/bin;C:/Program Files/Java/jre7/lib/i386;C:\Windows\system32;C:\Windows;C:\Windows\System32\Wbem;C:\Windows\System32\WindowsPowerShell\v1.0\;C:\Users\Developer\Desktop\eclipse;
USERNAME=Developer
OS=Windows_NT
PROCESSOR_IDENTIFIER=x86 Family 6 Model 23 Stepping 6, GenuineIntel



---------------  S Y S T E M  ---------------

OS: Windows 7 Build 7600 

CPU:total 1 (2 cores per cpu, 1 threads per core) family 6 model 23 stepping 6, cmov, cx8, fxsr, mmx, sse, sse2, sse3, ssse3, sse4.1, tsc

Memory: 4k page, physical 1048120k(478720k free), swap 2096696k(1351112k free)

vm_info: Java HotSpot(TM) Client VM (24.45-b08) for windows-x86 JRE (1.7.0_45-b18), built on Oct  8 2013 06:02:43 by "java_re" with unknown MS VC++:1600

time: Sat Jan 25 23:55:13 2014
elapsed time: 3 seconds

