#
# A fatal error has been detected by the Java Runtime Environment:
#
#  EXCEPTION_ACCESS_VIOLATION (0xc0000005) at pc=0x100091f8, pid=564, tid=396
#
# JRE version: Java(TM) SE Runtime Environment (7.0_45-b18) (build 1.7.0_45-b18)
# Java VM: Java HotSpot(TM) Client VM (24.45-b08 mixed mode, sharing windows-x86 )
# Problematic frame:
# C  [qtjambi.dll+0x91f8]
#
# Failed to write core dump. Minidumps are not enabled by default on client versions of Windows
#
# If you would like to submit a bug report, please visit:
#   http://bugreport.sun.com/bugreport/crash.jsp
# The crash happened outside the Java Virtual Machine in native code.
# See problematic frame for where to report the bug.
#

---------------  T H R E A D  ---------------

Current thread (0x01254400):  JavaThread "main" [_thread_in_native, id=396, stack(0x002c0000,0x00310000)]

siginfo: ExceptionCode=0xc0000005, reading address 0x00000000

Registers:
EAX=0x004402b6, EBX=0x655701c8, ECX=0x09351820, EDX=0x00008804
ESP=0x0030b8dc, EBP=0x0030b930, ESI=0x093517f8, EDI=0x00000000
EIP=0x100091f8, EFLAGS=0x00010202

Top of Stack: (sp=0x0030b8dc)
0x0030b8dc:   9e77f70e 09351820 093517f8 655701c8
0x0030b8ec:   095164b9 65566114 01254530 655701c8
0x0030b8fc:   775701c8 65566114 00000000 0030b980
0x0030b90c:   67133e18 ffffffff 670e07fa 0030b92c
0x0030b91c:   095164b9 655701c8 0030b980 1001bf9b
0x0030b92c:   ffffffff 01254530 1000b131 9e77f6d2
0x0030b93c:   0030ba30 0030ba30 01254530 00000000
0x0030b94c:   00000000 094c8bb0 095164a8 0030b968 

Instructions: (pc=0x100091f8)
0x100091d8:   00 00 00 00 8b 41 10 8b d0 c1 ea 07 f6 c2 01 0f
0x100091e8:   85 5a 01 00 00 8b 79 04 0d 80 00 00 00 89 41 10
0x100091f8:   8b 07 8b 10 8b cf ff d2 8b f0 89 74 24 14 85 f6
0x10009208:   74 25 8d 9b 00 00 00 00 56 e8 3a ee ff ff 83 c4 


Register to memory mapping:

EAX=0x004402b6 is an unknown value
EBX=0x655701c8 is an unknown value
ECX=0x09351820 is an unknown value
EDX=0x00008804 is an unknown value
ESP=0x0030b8dc is pointing into the stack for thread: 0x01254400
EBP=0x0030b930 is pointing into the stack for thread: 0x01254400
ESI=0x093517f8 is an unknown value
EDI=0x00000000 is an unknown value


Stack: [0x002c0000,0x00310000],  sp=0x0030b8dc,  free space=302k
Native frames: (J=compiled Java code, j=interpreted, Vv=VM code, C=native code)
C  [qtjambi.dll+0x91f8]

Java frames: (J=compiled Java code, j=interpreted, Vv=VM code)
j  com.trolltech.qt.gui.QLayout.__qt_addWidget_QWidget(JJ)V+0
j  com.trolltech.qt.gui.QLayout.addWidget(Lcom/trolltech/qt/gui/QWidget;)V+92
j  gui.WindowStack.push(Lcom/trolltech/qt/gui/QWidget;)V+5
j  core.Castle.stand(Lcore/Hero;Lcore/Player;)Z+53
j  core.WorldMap.moveTo(Lcore/Hero;Lcore/Player;IIII)V+298
j  core.PlayerHuman.moveClicked()V+167
j  core.Mission.moveClicked()V+4
v  ~StubRoutines::call_stub
j  sun.reflect.NativeMethodAccessorImpl.invoke0(Ljava/lang/reflect/Method;Ljava/lang/Object;[Ljava/lang/Object;)Ljava/lang/Object;+0
j  sun.reflect.NativeMethodAccessorImpl.invoke(Ljava/lang/Object;[Ljava/lang/Object;)Ljava/lang/Object;+87
j  sun.reflect.DelegatingMethodAccessorImpl.invoke(Ljava/lang/Object;[Ljava/lang/Object;)Ljava/lang/Object;+6
j  java.lang.reflect.Method.invoke(Ljava/lang/Object;[Ljava/lang/Object;)Ljava/lang/Object;+57
j  com.trolltech.qt.internal.QSignalEmitterInternal$AbstractSignalInternal.emit_helper([Ljava/lang/Object;)V+464
j  com.trolltech.qt.QSignalEmitter$Signal0.emit()V+5
v  ~StubRoutines::call_stub
j  sun.reflect.NativeMethodAccessorImpl.invoke0(Ljava/lang/reflect/Method;Ljava/lang/Object;[Ljava/lang/Object;)Ljava/lang/Object;+0
j  sun.reflect.NativeMethodAccessorImpl.invoke(Ljava/lang/Object;[Ljava/lang/Object;)Ljava/lang/Object;+87
j  sun.reflect.DelegatingMethodAccessorImpl.invoke(Ljava/lang/Object;[Ljava/lang/Object;)Ljava/lang/Object;+6
j  java.lang.reflect.Method.invoke(Ljava/lang/Object;[Ljava/lang/Object;)Ljava/lang/Object;+57
j  com.trolltech.qt.internal.QSignalEmitterInternal$AbstractSignalInternal.emit_helper([Ljava/lang/Object;)V+464
j  com.trolltech.qt.QSignalEmitter$Signal1.emit(Ljava/lang/Object;)V+9
v  ~StubRoutines::call_stub
j  com.trolltech.qt.gui.QApplication.exec()I+0
j  gui.Run.main([Ljava/lang/String;)V+39
v  ~StubRoutines::call_stub

---------------  P R O C E S S  ---------------

Java Threads: ( => current thread )
  0x01337800 JavaThread "Thread-5" [_thread_in_vm, id=2156, stack(0x05c90000,0x05ce0000)]
  0x03a31800 JavaThread "Thread-0" daemon [_thread_blocked, id=1232, stack(0x036d0000,0x03720000)]
  0x012f5800 JavaThread "Service Thread" daemon [_thread_blocked, id=1496, stack(0x037f0000,0x03840000)]
  0x012e6000 JavaThread "C1 CompilerThread0" daemon [_thread_blocked, id=976, stack(0x03520000,0x03570000)]
  0x012e4c00 JavaThread "Attach Listener" daemon [_thread_blocked, id=964, stack(0x03730000,0x03780000)]
  0x012e1800 JavaThread "Signal Dispatcher" daemon [_thread_blocked, id=1444, stack(0x03650000,0x036a0000)]
  0x0127bc00 JavaThread "Finalizer" daemon [_thread_blocked, id=584, stack(0x03600000,0x03650000)]
  0x01276800 JavaThread "Reference Handler" daemon [_thread_blocked, id=708, stack(0x03470000,0x034c0000)]
=>0x01254400 JavaThread "main" [_thread_in_native, id=396, stack(0x002c0000,0x00310000)]

Other Threads:
  0x01275000 VMThread [stack: 0x03570000,0x035c0000] [id=1884]
  0x012fe800 WatcherThread [stack: 0x03970000,0x039c0000] [id=968]

VM state:not at safepoint (normal execution)

VM Mutex/Monitor currently owned by a thread: None

Heap
 def new generation   total 8512K, used 3868K [0x235f0000, 0x23f20000, 0x28b40000)
  eden space 7616K,  45% used [0x235f0000, 0x23958448, 0x23d60000)
  from space 896K,  42% used [0x23d60000, 0x23dbedf0, 0x23e40000)
  to   space 896K,   0% used [0x23e40000, 0x23e40000, 0x23f20000)
 tenured generation   total 18748K, used 10724K [0x28b40000, 0x29d8f000, 0x335f0000)
   the space 18748K,  57% used [0x28b40000, 0x295b93b0, 0x295b9400, 0x29d8f000)
 compacting perm gen  total 12288K, used 3686K [0x335f0000, 0x341f0000, 0x375f0000)
   the space 12288K,  30% used [0x335f0000, 0x339899c0, 0x33989a00, 0x341f0000)
    ro space 10240K,  41% used [0x375f0000, 0x37a21a78, 0x37a21c00, 0x37ff0000)
    rw space 12288K,  52% used [0x37ff0000, 0x386362c0, 0x38636400, 0x38bf0000)

Card table byte_map: [0x03350000,0x03400000] byte_map_base: 0x03235080

Polling page: 0x00250000

Code Cache  [0x01350000, 0x01480000, 0x03350000)
 total_blobs=632 nmethods=456 adapters=113 free_code_cache=31582Kb largest_free_block=32340096

Compilation events (10 events):
Event: 119.133 Thread 0x012e6000  452             sun.nio.cs.UTF_8$Decoder::decode (640 bytes)
Event: 119.153 Thread 0x012e6000 nmethod 452 0x01474388 code [0x014746d0, 0x01475ae0]
Event: 119.153 Thread 0x012e6000  453             sun.reflect.generics.visitor.Reifier::make (9 bytes)
Event: 119.153 Thread 0x012e6000 nmethod 453 0x01478008 code [0x01478100, 0x014781c0]
Event: 119.154 Thread 0x012e6000  454             sun.reflect.generics.visitor.Reifier::<init> (10 bytes)
Event: 119.154 Thread 0x012e6000 nmethod 454 0x01478248 code [0x01478340, 0x014783d0]
Event: 119.772 Thread 0x012e6000  455             core.Castle::isVisitable (2 bytes)
Event: 119.772 Thread 0x012e6000 nmethod 455 0x01478408 code [0x01478500, 0x01478580]
Event: 119.772 Thread 0x012e6000  456             core.Castle::isCollectable (2 bytes)
Event: 119.772 Thread 0x012e6000 nmethod 456 0x014785c8 code [0x014786c0, 0x01478740]

GC Heap History (10 events):
Event: 119.752 GC heap before
{Heap before GC invocations=143 (full 4):
 def new generation   total 8512K, used 7757K [0x235f0000, 0x23f20000, 0x28b40000)
  eden space 7616K, 100% used [0x235f0000, 0x23d60000, 0x23d60000)
  from space 896K,  15% used [0x23e40000, 0x23e63650, 0x23f20000)
  to   space 896K,   0% used [0x23d60000, 0x23d60000, 0x23e40000)
 tenured generation   total 18748K, used 10724K [0x28b40000, 0x29d8f000, 0x335f0000)
   the space 18748K,  57% used [0x28b40000, 0x295b93b0, 0x295b9400, 0x29d8f000)
 compacting perm gen  total 12288K, used 3637K [0x335f0000, 0x341f0000, 0x375f0000)
   the space 12288K,  29% used [0x335f0000, 0x3397d6e0, 0x3397d800, 0x341f0000)
    ro space 10240K,  41% used [0x375f0000, 0x37a21a78, 0x37a21c00, 0x37ff0000)
    rw space 12288K,  52% used [0x37ff0000, 0x386362c0, 0x38636400, 0x38bf0000)
Event: 119.753 GC heap after
Heap after GC invocations=144 (full 4):
 def new generation   total 8512K, used 236K [0x235f0000, 0x23f20000, 0x28b40000)
  eden space 7616K,   0% used [0x235f0000, 0x235f0000, 0x23d60000)
  from space 896K,  26% used [0x23d60000, 0x23d9b048, 0x23e40000)
  to   space 896K,   0% used [0x23e40000, 0x23e40000, 0x23f20000)
 tenured generation   total 18748K, used 10724K [0x28b40000, 0x29d8f000, 0x335f0000)
   the space 18748K,  57% used [0x28b40000, 0x295b93b0, 0x295b9400, 0x29d8f000)
 compacting perm gen  total 12288K, used 3637K [0x335f0000, 0x341f0000, 0x375f0000)
   the space 12288K,  29% used [0x335f0000, 0x3397d6e0, 0x3397d800, 0x341f0000)
    ro space 10240K,  41% used [0x375f0000, 0x37a21a78, 0x37a21c00, 0x37ff0000)
    rw space 12288K,  52% used [0x37ff0000, 0x386362c0, 0x38636400, 0x38bf0000)
}
Event: 119.792 GC heap before
{Heap before GC invocations=144 (full 4):
 def new generation   total 8512K, used 7852K [0x235f0000, 0x23f20000, 0x28b40000)
  eden space 7616K, 100% used [0x235f0000, 0x23d60000, 0x23d60000)
  from space 896K,  26% used [0x23d60000, 0x23d9b048, 0x23e40000)
  to   space 896K,   0% used [0x23e40000, 0x23e40000, 0x23f20000)
 tenured generation   total 18748K, used 10724K [0x28b40000, 0x29d8f000, 0x335f0000)
   the space 18748K,  57% used [0x28b40000, 0x295b93b0, 0x295b9400, 0x29d8f000)
 compacting perm gen  total 12288K, used 3637K [0x335f0000, 0x341f0000, 0x375f0000)
   the space 12288K,  29% used [0x335f0000, 0x3397d6e0, 0x3397d800, 0x341f0000)
    ro space 10240K,  41% used [0x375f0000, 0x37a21a78, 0x37a21c00, 0x37ff0000)
    rw space 12288K,  52% used [0x37ff0000, 0x386362c0, 0x38636400, 0x38bf0000)
Event: 119.794 GC heap after
Heap after GC invocations=145 (full 4):
 def new generation   total 8512K, used 236K [0x235f0000, 0x23f20000, 0x28b40000)
  eden space 7616K,   0% used [0x235f0000, 0x235f0000, 0x23d60000)
  from space 896K,  26% used [0x23e40000, 0x23e7b048, 0x23f20000)
  to   space 896K,   0% used [0x23d60000, 0x23d60000, 0x23e40000)
 tenured generation   total 18748K, used 10724K [0x28b40000, 0x29d8f000, 0x335f0000)
   the space 18748K,  57% used [0x28b40000, 0x295b93b0, 0x295b9400, 0x29d8f000)
 compacting perm gen  total 12288K, used 3637K [0x335f0000, 0x341f0000, 0x375f0000)
   the space 12288K,  29% used [0x335f0000, 0x3397d6e0, 0x3397d800, 0x341f0000)
    ro space 10240K,  41% used [0x375f0000, 0x37a21a78, 0x37a21c00, 0x37ff0000)
    rw space 12288K,  52% used [0x37ff0000, 0x386362c0, 0x38636400, 0x38bf0000)
}
Event: 119.875 GC heap before
{Heap before GC invocations=145 (full 4):
 def new generation   total 8512K, used 7852K [0x235f0000, 0x23f20000, 0x28b40000)
  eden space 7616K, 100% used [0x235f0000, 0x23d60000, 0x23d60000)
  from space 896K,  26% used [0x23e40000, 0x23e7b048, 0x23f20000)
  to   space 896K,   0% used [0x23d60000, 0x23d60000, 0x23e40000)
 tenured generation   total 18748K, used 10724K [0x28b40000, 0x29d8f000, 0x335f0000)
   the space 18748K,  57% used [0x28b40000, 0x295b93b0, 0x295b9400, 0x29d8f000)
 compacting perm gen  total 12288K, used 3686K [0x335f0000, 0x341f0000, 0x375f0000)
   the space 12288K,  30% used [0x335f0000, 0x339899c0, 0x33989a00, 0x341f0000)
    ro space 10240K,  41% used [0x375f0000, 0x37a21a78, 0x37a21c00, 0x37ff0000)
    rw space 12288K,  52% used [0x37ff0000, 0x386362c0, 0x38636400, 0x38bf0000)
Event: 119.877 GC heap after
Heap after GC invocations=146 (full 4):
 def new generation   total 8512K, used 423K [0x235f0000, 0x23f20000, 0x28b40000)
  eden space 7616K,   0% used [0x235f0000, 0x235f0000, 0x23d60000)
  from space 896K,  47% used [0x23d60000, 0x23dc9cc8, 0x23e40000)
  to   space 896K,   0% used [0x23e40000, 0x23e40000, 0x23f20000)
 tenured generation   total 18748K, used 10724K [0x28b40000, 0x29d8f000, 0x335f0000)
   the space 18748K,  57% used [0x28b40000, 0x295b93b0, 0x295b9400, 0x29d8f000)
 compacting perm gen  total 12288K, used 3686K [0x335f0000, 0x341f0000, 0x375f0000)
   the space 12288K,  30% used [0x335f0000, 0x339899c0, 0x33989a00, 0x341f0000)
    ro space 10240K,  41% used [0x375f0000, 0x37a21a78, 0x37a21c00, 0x37ff0000)
    rw space 12288K,  52% used [0x37ff0000, 0x386362c0, 0x38636400, 0x38bf0000)
}
Event: 119.956 GC heap before
{Heap before GC invocations=146 (full 4):
 def new generation   total 8512K, used 8039K [0x235f0000, 0x23f20000, 0x28b40000)
  eden space 7616K, 100% used [0x235f0000, 0x23d60000, 0x23d60000)
  from space 896K,  47% used [0x23d60000, 0x23dc9cc8, 0x23e40000)
  to   space 896K,   0% used [0x23e40000, 0x23e40000, 0x23f20000)
 tenured generation   total 18748K, used 10724K [0x28b40000, 0x29d8f000, 0x335f0000)
   the space 18748K,  57% used [0x28b40000, 0x295b93b0, 0x295b9400, 0x29d8f000)
 compacting perm gen  total 12288K, used 3686K [0x335f0000, 0x341f0000, 0x375f0000)
   the space 12288K,  30% used [0x335f0000, 0x339899c0, 0x33989a00, 0x341f0000)
    ro space 10240K,  41% used [0x375f0000, 0x37a21a78, 0x37a21c00, 0x37ff0000)
    rw space 12288K,  52% used [0x37ff0000, 0x386362c0, 0x38636400, 0x38bf0000)
Event: 119.958 GC heap after
Heap after GC invocations=147 (full 4):
 def new generation   total 8512K, used 379K [0x235f0000, 0x23f20000, 0x28b40000)
  eden space 7616K,   0% used [0x235f0000, 0x235f0000, 0x23d60000)
  from space 896K,  42% used [0x23e40000, 0x23e9edf0, 0x23f20000)
  to   space 896K,   0% used [0x23d60000, 0x23d60000, 0x23e40000)
 tenured generation   total 18748K, used 10724K [0x28b40000, 0x29d8f000, 0x335f0000)
   the space 18748K,  57% used [0x28b40000, 0x295b93b0, 0x295b9400, 0x29d8f000)
 compacting perm gen  total 12288K, used 3686K [0x335f0000, 0x341f0000, 0x375f0000)
   the space 12288K,  30% used [0x335f0000, 0x339899c0, 0x33989a00, 0x341f0000)
    ro space 10240K,  41% used [0x375f0000, 0x37a21a78, 0x37a21c00, 0x37ff0000)
    rw space 12288K,  52% used [0x37ff0000, 0x386362c0, 0x38636400, 0x38bf0000)
}
Event: 120.000 GC heap before
{Heap before GC invocations=147 (full 4):
 def new generation   total 8512K, used 7995K [0x235f0000, 0x23f20000, 0x28b40000)
  eden space 7616K, 100% used [0x235f0000, 0x23d60000, 0x23d60000)
  from space 896K,  42% used [0x23e40000, 0x23e9edf0, 0x23f20000)
  to   space 896K,   0% used [0x23d60000, 0x23d60000, 0x23e40000)
 tenured generation   total 18748K, used 10724K [0x28b40000, 0x29d8f000, 0x335f0000)
   the space 18748K,  57% used [0x28b40000, 0x295b93b0, 0x295b9400, 0x29d8f000)
 compacting perm gen  total 12288K, used 3686K [0x335f0000, 0x341f0000, 0x375f0000)
   the space 12288K,  30% used [0x335f0000, 0x339899c0, 0x33989a00, 0x341f0000)
    ro space 10240K,  41% used [0x375f0000, 0x37a21a78, 0x37a21c00, 0x37ff0000)
    rw space 12288K,  52% used [0x37ff0000, 0x386362c0, 0x38636400, 0x38bf0000)
Event: 120.002 GC heap after
Heap after GC invocations=148 (full 4):
 def new generation   total 8512K, used 379K [0x235f0000, 0x23f20000, 0x28b40000)
  eden space 7616K,   0% used [0x235f0000, 0x235f0000, 0x23d60000)
  from space 896K,  42% used [0x23d60000, 0x23dbedf0, 0x23e40000)
  to   space 896K,   0% used [0x23e40000, 0x23e40000, 0x23f20000)
 tenured generation   total 18748K, used 10724K [0x28b40000, 0x29d8f000, 0x335f0000)
   the space 18748K,  57% used [0x28b40000, 0x295b93b0, 0x295b9400, 0x29d8f000)
 compacting perm gen  total 12288K, used 3686K [0x335f0000, 0x341f0000, 0x375f0000)
   the space 12288K,  30% used [0x335f0000, 0x339899c0, 0x33989a00, 0x341f0000)
    ro space 10240K,  41% used [0x375f0000, 0x37a21a78, 0x37a21c00, 0x37ff0000)
    rw space 12288K,  52% used [0x37ff0000, 0x386362c0, 0x38636400, 0x38bf0000)
}

Deoptimization events (0 events):
No events

Internal exceptions (10 events):
Event: 120.023 Thread 0x01337800 Threw 0x23b5dd50 at C:\re\jdk7u45\229\hotspot\src\share\vm\runtime\sharedRuntime.cpp:591
Event: 120.023 Thread 0x01337800 Threw 0x23b5de90 at C:\re\jdk7u45\229\hotspot\src\share\vm\runtime\sharedRuntime.cpp:591
Event: 120.023 Thread 0x01337800 Threw 0x23b5dfd0 at C:\re\jdk7u45\229\hotspot\src\share\vm\runtime\sharedRuntime.cpp:591
Event: 120.023 Thread 0x01337800 Threw 0x23b5e590 at C:\re\jdk7u45\229\hotspot\src\share\vm\runtime\sharedRuntime.cpp:591
Event: 120.023 Thread 0x01337800 Threw 0x23b5e6d0 at C:\re\jdk7u45\229\hotspot\src\share\vm\runtime\sharedRuntime.cpp:591
Event: 120.023 Thread 0x01337800 Threw 0x23b5e810 at C:\re\jdk7u45\229\hotspot\src\share\vm\runtime\sharedRuntime.cpp:591
Event: 120.023 Thread 0x01337800 Threw 0x23b5fb50 at C:\re\jdk7u45\229\hotspot\src\share\vm\runtime\sharedRuntime.cpp:591
Event: 120.023 Thread 0x01337800 Threw 0x23b5fc90 at C:\re\jdk7u45\229\hotspot\src\share\vm\runtime\sharedRuntime.cpp:591
Event: 120.023 Thread 0x01337800 Threw 0x23b5fdd0 at C:\re\jdk7u45\229\hotspot\src\share\vm\runtime\sharedRuntime.cpp:591
Event: 120.029 Thread 0x01337800 Threw 0x23b61110 at C:\re\jdk7u45\229\hotspot\src\share\vm\runtime\sharedRuntime.cpp:591

Events (10 events):
Event: 119.836 loading class 0x03a58b20
Event: 119.836 loading class 0x03a58b20 done
Event: 119.837 loading class 0x03af9570
Event: 119.837 loading class 0x03af9570 done
Event: 119.875 Executing VM operation: GenCollectForAllocation
Event: 119.878 Executing VM operation: GenCollectForAllocation done
Event: 119.956 Executing VM operation: GenCollectForAllocation
Event: 119.958 Executing VM operation: GenCollectForAllocation done
Event: 119.999 Executing VM operation: GenCollectForAllocation
Event: 120.002 Executing VM operation: GenCollectForAllocation done


Dynamic libraries:
0x00010000 - 0x0003f000 	C:\Program Files\Java\jre7\bin\javaw.exe
0x77410000 - 0x7754c000 	C:\Windows\SYSTEM32\ntdll.dll
0x77200000 - 0x772d4000 	C:\Windows\system32\kernel32.dll
0x75620000 - 0x7566a000 	C:\Windows\system32\KERNELBASE.dll
0x75c70000 - 0x75d10000 	C:\Windows\system32\ADVAPI32.dll
0x77590000 - 0x7763c000 	C:\Windows\system32\msvcrt.dll
0x769f0000 - 0x76a09000 	C:\Windows\SYSTEM32\sechost.dll
0x75a50000 - 0x75af1000 	C:\Windows\system32\RPCRT4.dll
0x77340000 - 0x77409000 	C:\Windows\system32\USER32.dll
0x75c00000 - 0x75c4e000 	C:\Windows\system32\GDI32.dll
0x77580000 - 0x7758a000 	C:\Windows\system32\LPK.dll
0x76e20000 - 0x76ebd000 	C:\Windows\system32\USP10.dll
0x74450000 - 0x745ee000 	C:\Windows\WinSxS\x86_microsoft.windows.common-controls_6595b64144ccf1df_6.0.7600.16400_none_4209f94e2b866170\COMCTL32.dll
0x76aa0000 - 0x76af7000 	C:\Windows\system32\SHLWAPI.dll
0x77060000 - 0x7707f000 	C:\Windows\system32\IMM32.DLL
0x76c60000 - 0x76d2c000 	C:\Windows\system32\MSCTF.dll
0x72a60000 - 0x72b1f000 	C:\Program Files\Java\jre7\bin\msvcr100.dll
0x72b70000 - 0x72ef0000 	C:\Program Files\Java\jre7\bin\client\jvm.dll
0x72b40000 - 0x72b47000 	C:\Windows\system32\WSOCK32.dll
0x77080000 - 0x770b5000 	C:\Windows\system32\WS2_32.dll
0x75c60000 - 0x75c66000 	C:\Windows\system32\NSI.dll
0x70ea0000 - 0x70ed2000 	C:\Windows\system32\WINMM.dll
0x75c50000 - 0x75c55000 	C:\Windows\system32\PSAPI.DLL
0x73ce0000 - 0x73cec000 	C:\Program Files\Java\jre7\bin\verify.dll
0x73cc0000 - 0x73ce0000 	C:\Program Files\Java\jre7\bin\java.dll
0x73ca0000 - 0x73cb3000 	C:\Program Files\Java\jre7\bin\zip.dll
0x67000000 - 0x67225000 	C:\Users\Developer\AppData\Local\Temp\QtJambi_Developer_x86_4.7.1_msvc2008-20101128-1649\lib\QtCore4.dll
0x76b00000 - 0x76c5c000 	C:\Windows\system32\ole32.dll
0x6eca0000 - 0x6ed2e000 	C:\Windows\WinSxS\x86_microsoft.vc90.crt_1fc8b3b9a1e18e3b_9.0.30729.4926_none_508ed732bcbc0e5a\MSVCP90.dll
0x6ea60000 - 0x6eb03000 	C:\Windows\WinSxS\x86_microsoft.vc90.crt_1fc8b3b9a1e18e3b_9.0.30729.4926_none_508ed732bcbc0e5a\MSVCR90.dll
0x10000000 - 0x10033000 	C:\Users\Developer\AppData\Local\Temp\QtJambi_Developer_x86_4.7.1_msvc2008-20101128-1649\lib\qtjambi.dll
0x03840000 - 0x03924000 	C:\Users\Developer\AppData\Local\Temp\QtJambi_Developer_x86_4.7.1_msvc2008-20101128-1649\lib\com_trolltech_qt_core.dll
0x65000000 - 0x657aa000 	C:\Users\Developer\AppData\Local\Temp\QtJambi_Developer_x86_4.7.1_msvc2008-20101128-1649\lib\QtGui4.dll
0x75d10000 - 0x75d8b000 	C:\Windows\system32\COMDLG32.dll
0x75d90000 - 0x769ef000 	C:\Windows\system32\SHELL32.dll
0x76d90000 - 0x76e1f000 	C:\Windows\system32\OLEAUT32.dll
0x700e0000 - 0x70131000 	C:\Windows\system32\WINSPOOL.DRV
0x03e90000 - 0x0437f000 	C:\Users\Developer\AppData\Local\Temp\QtJambi_Developer_x86_4.7.1_msvc2008-20101128-1649\lib\com_trolltech_qt_gui.dll
0x742d0000 - 0x74310000 	C:\Windows\system32\uxtheme.dll
0x73fa0000 - 0x73fb3000 	C:\Windows\system32\dwmapi.dll
0x75480000 - 0x7548c000 	C:\Windows\system32\CRYPTBASE.dll
0x03460000 - 0x0346a000 	C:\Users\DEVELO~1\AppData\Local\Temp\QtJambi_Developer_x86_4.7.1_msvc2008-20101128-1649\plugins\imageformats\qgif4.dll
0x034d0000 - 0x03503000 	C:\Users\DEVELO~1\AppData\Local\Temp\QtJambi_Developer_x86_4.7.1_msvc2008-20101128-1649\plugins\imageformats\qjpeg4.dll
0x035c0000 - 0x035fa000 	C:\Users\DEVELO~1\AppData\Local\Temp\QtJambi_Developer_x86_4.7.1_msvc2008-20101128-1649\plugins\imageformats\qmng4.dll
0x03cc0000 - 0x03d08000 	C:\Users\DEVELO~1\AppData\Local\Temp\QtJambi_Developer_x86_4.7.1_msvc2008-20101128-1649\plugins\imageformats\qtiff4.dll
0x6ec10000 - 0x6ec94000 	C:\Windows\WinSxS\x86_microsoft.windows.common-controls_6595b64144ccf1df_5.82.7600.16400_none_ebf9dccf6c73e561\comctl32.dll
0x74fd0000 - 0x74fe6000 	C:\Windows\system32\CRYPTSP.dll
0x74d70000 - 0x74dab000 	C:\Windows\system32\rsaenh.dll
0x75540000 - 0x7554e000 	C:\Windows\system32\RpcRtRemote.dll
0x73c80000 - 0x73c94000 	C:\Program Files\Java\jre7\bin\net.dll
0x74f90000 - 0x74fcc000 	C:\Windows\system32\mswsock.dll
0x74f80000 - 0x74f86000 	C:\Windows\System32\wship6.dll
0x73c70000 - 0x73c7f000 	C:\Program Files\Java\jre7\bin\nio.dll
0x71be0000 - 0x71ccb000 	C:\Windows\system32\dbghelp.dll

VM Arguments:
jvm_args: -Dfile.encoding=UTF-8 
java_command: gui.Run
Launcher Type: SUN_STANDARD

Environment Variables:
PATH=C:/Program Files/Java/jre7/bin/client;C:/Program Files/Java/jre7/bin;C:/Program Files/Java/jre7/lib/i386;C:\Windows\system32;C:\Windows;C:\Windows\System32\Wbem;C:\Windows\System32\WindowsPowerShell\v1.0\;C:\Users\Developer\Desktop\eclipse;
USERNAME=Developer
OS=Windows_NT
PROCESSOR_IDENTIFIER=x86 Family 6 Model 23 Stepping 6, GenuineIntel



---------------  S Y S T E M  ---------------

OS: Windows 7 Build 7600 

CPU:total 1 (2 cores per cpu, 1 threads per core) family 6 model 23 stepping 6, cmov, cx8, fxsr, mmx, sse, sse2, sse3, ssse3, sse4.1, tsc

Memory: 4k page, physical 1048120k(287708k free), swap 2096696k(944604k free)

vm_info: Java HotSpot(TM) Client VM (24.45-b08) for windows-x86 JRE (1.7.0_45-b18), built on Oct  8 2013 06:02:43 by "java_re" with unknown MS VC++:1600

time: Thu Jan 02 19:01:30 2014
elapsed time: 120 seconds

